Connecting to host 10.110.0.1, port 9000
[  6] local 10.110.0.2 port 34847 connected to 10.110.0.1 port 9000
[ ID] Interval           Transfer     Bitrate         Total Datagrams
[  6]   0.00-1.07   sec  2.83 KBytes  21.6 Kbits/sec  3  
[  6]   1.07-2.00   sec  7.07 KBytes  62.3 Kbits/sec  4  
[  6]   2.00-3.00   sec  5.66 KBytes  46.4 Kbits/sec  4  
[  6]   3.00-4.00   sec  4.24 KBytes  34.7 Kbits/sec  3  
[  6]   4.00-5.00   sec  5.66 KBytes  46.3 Kbits/sec  4  
[  6]   5.00-6.00   sec  4.24 KBytes  34.7 Kbits/sec  3  
[  6]   6.00-7.00   sec  5.66 KBytes  46.3 Kbits/sec  4  
[  6]   7.00-8.00   sec  4.24 KBytes  34.8 Kbits/sec  3  
[  6]   8.00-9.00   sec  5.66 KBytes  46.3 Kbits/sec  4  
[  6]   9.00-10.00  sec  4.24 KBytes  34.7 Kbits/sec  3  
[  6]  10.00-11.00  sec  4.24 KBytes  34.8 Kbits/sec  3  
[  6]  11.00-12.00  sec  5.66 KBytes  46.3 Kbits/sec  4  
[  6]  12.00-13.00  sec  4.24 KBytes  34.7 Kbits/sec  3  
[  6]  13.00-14.00  sec  5.66 KBytes  46.4 Kbits/sec  4  
[  6]  14.00-15.00  sec  4.24 KBytes  34.7 Kbits/sec  3  
[  6]  15.00-16.00  sec  5.66 KBytes  46.4 Kbits/sec  4  
[  6]  16.00-17.00  sec  4.24 KBytes  34.8 Kbits/sec  3  
[  6]  17.00-18.00  sec  5.66 KBytes  46.3 Kbits/sec  4  
[  6]  18.00-19.00  sec  4.24 KBytes  34.8 Kbits/sec  3  
[  6]  19.00-20.00  sec  5.66 KBytes  46.4 Kbits/sec  4  
[  6]  20.00-21.00  sec  4.24 KBytes  34.8 Kbits/sec  3  
[  6]  21.00-22.00  sec  4.24 KBytes  34.8 Kbits/sec  3  
[  6]  22.00-23.00  sec  5.66 KBytes  46.3 Kbits/sec  4  
[  6]  23.00-24.00  sec  4.24 KBytes  34.7 Kbits/sec  3  
[  6]  24.00-25.00  sec  5.66 KBytes  46.3 Kbits/sec  4  
[  6]  25.00-26.00  sec  4.24 KBytes  34.7 Kbits/sec  3  
[  6]  26.00-27.00  sec  5.66 KBytes  46.4 Kbits/sec  4  
[  6]  27.00-28.00  sec  4.24 KBytes  34.8 Kbits/sec  3  
[  6]  28.00-29.00  sec  5.66 KBytes  46.3 Kbits/sec  4  
[  6]  29.00-30.00  sec  4.24 KBytes  34.7 Kbits/sec  3  
[  6]  30.00-31.00  sec  5.66 KBytes  46.3 Kbits/sec  4  
[  6]  31.00-32.00  sec  4.24 KBytes  34.8 Kbits/sec  3  
[  6]  32.00-33.00  sec  4.24 KBytes  34.8 Kbits/sec  3  
[  6]  33.00-34.00  sec  5.66 KBytes  46.3 Kbits/sec  4  
[  6]  34.00-35.00  sec  4.24 KBytes  34.7 Kbits/sec  3  
[  6]  35.00-36.00  sec  5.66 KBytes  46.3 Kbits/sec  4  
[  6]  36.00-37.00  sec  4.24 KBytes  34.8 Kbits/sec  3  
[  6]  37.00-38.00  sec  5.66 KBytes  46.3 Kbits/sec  4  
[  6]  38.00-39.00  sec  4.24 KBytes  34.7 Kbits/sec  3  
[  6]  39.00-40.00  sec  5.66 KBytes  46.4 Kbits/sec  4  
[  6]  40.00-41.04  sec  2.83 KBytes  22.2 Kbits/sec  2  
[  6]  41.04-43.93  sec  2.83 KBytes  8.02 Kbits/sec  2  
[  6]  43.93-44.00  sec  12.7 KBytes  1.53 Mbits/sec  9  
[  6]  44.00-51.06  sec  2.83 KBytes  3.28 Kbits/sec  2  
[  6]  51.06-53.44  sec  35.4 KBytes   122 Kbits/sec  26  
[  6]  53.44-53.45  sec  8.48 KBytes  30.5 Mbits/sec  5  
[  6]  53.45-54.00  sec  2.83 KBytes  41.8 Kbits/sec  2  
[  6]  54.00-57.11  sec  2.83 KBytes  7.44 Kbits/sec  2  
[  6]  57.11-61.07  sec  17.0 KBytes  35.2 Kbits/sec  12  
[  6]  61.07-65.90  sec  17.0 KBytes  28.7 Kbits/sec  12  
[  6]  65.90-66.00  sec  21.2 KBytes  1.78 Mbits/sec  15  
[  6]  66.00-70.14  sec  1.41 KBytes  2.80 Kbits/sec  1  
[  6]  70.14-71.08  sec  22.6 KBytes   198 Kbits/sec  16  
[  6]  71.08-73.20  sec  1.41 KBytes  5.46 Kbits/sec  2  
[  6]  73.20-77.72  sec  11.3 KBytes  20.5 Kbits/sec  7  
[  6]  77.72-78.00  sec  22.6 KBytes   672 Kbits/sec  16  
[  6]  78.00-79.02  sec  0.00 Bytes  0.00 bits/sec  0  
[  6]  79.02-80.21  sec  8.48 KBytes  58.8 Kbits/sec  6  
[  6]  80.21-81.01  sec  4.24 KBytes  43.5 Kbits/sec  3  
[  6]  81.01-83.41  sec  4.24 KBytes  14.4 Kbits/sec  4  
[  6]  83.42-87.37  sec  11.3 KBytes  23.4 Kbits/sec  7  
[  6]  87.37-88.00  sec  19.8 KBytes   258 Kbits/sec  14  
[  6]  88.00-89.68  sec  1.41 KBytes  6.91 Kbits/sec  2  
[  6]  89.68-91.10  sec  8.48 KBytes  49.0 Kbits/sec  5  
[  6]  91.10-92.47  sec  7.07 KBytes  42.3 Kbits/sec  5  
[  6]  92.47-97.13  sec  7.07 KBytes  12.4 Kbits/sec  5  
[  6]  97.13-99.33  sec  22.6 KBytes  84.2 Kbits/sec  16  
[  6]  99.33-100.00 sec  12.7 KBytes   155 Kbits/sec  9  
[  6] 100.00-101.01 sec  4.24 KBytes  34.5 Kbits/sec  3  
[  6] 101.01-102.00 sec  5.66 KBytes  46.7 Kbits/sec  4  
[  6] 102.00-103.90 sec  1.41 KBytes  6.09 Kbits/sec  1  
[  6] 103.90-104.00 sec  8.48 KBytes   710 Kbits/sec  6  
[  6] 104.00-105.67 sec  2.83 KBytes  13.9 Kbits/sec  3  
[  6] 105.67-107.68 sec  5.66 KBytes  23.0 Kbits/sec  3  
[  6] 107.68-108.00 sec  9.90 KBytes   256 Kbits/sec  7  
[  6] 108.00-111.13 sec  1.41 KBytes  3.71 Kbits/sec  1  
[  6] 111.13-112.01 sec  18.4 KBytes   171 Kbits/sec  13  
[  6] 112.01-113.00 sec  5.66 KBytes  46.6 Kbits/sec  4  
[  6] 113.00-114.01 sec  4.24 KBytes  34.6 Kbits/sec  3  
[  6] 114.01-115.14 sec  4.24 KBytes  30.6 Kbits/sec  3  
[  6] 115.14-117.94 sec  1.41 KBytes  4.14 Kbits/sec  2  
[  6] 117.94-117.94 sec  12.7 KBytes   141 Mbits/sec  9  
[  6] 117.94-118.00 sec  1.41 KBytes   198 Kbits/sec  0  
[  6] 118.00-119.01 sec  4.24 KBytes  34.5 Kbits/sec  3  
[  6] 119.01-120.01 sec  5.66 KBytes  46.2 Kbits/sec  4  
[  6] 120.01-121.14 sec  1.41 KBytes  10.3 Kbits/sec  1  
[  6] 121.14-122.17 sec  4.24 KBytes  33.5 Kbits/sec  4  
[  6] 122.17-123.28 sec  5.66 KBytes  41.9 Kbits/sec  3  
[  6] 123.28-124.17 sec  4.24 KBytes  39.2 Kbits/sec  3  
[  6] 124.17-125.17 sec  5.66 KBytes  46.0 Kbits/sec  5  
[  6] 125.17-126.10 sec  4.24 KBytes  37.4 Kbits/sec  3  
[  6] 126.10-127.29 sec  5.66 KBytes  39.0 Kbits/sec  4  
[  6] 127.29-128.18 sec  4.24 KBytes  39.3 Kbits/sec  3  
[  6] 128.18-129.17 sec  4.24 KBytes  35.1 Kbits/sec  3  
[  6] 129.17-130.00 sec  8.48 KBytes  83.2 Kbits/sec  5  
[  6] 130.00-131.15 sec  4.24 KBytes  30.3 Kbits/sec  4  
[  6] 131.15-133.35 sec  2.83 KBytes  10.5 Kbits/sec  2  
[  6] 133.35-135.30 sec  11.3 KBytes  47.5 Kbits/sec  8  
[  6] 135.30-136.00 sec  11.3 KBytes   132 Kbits/sec  7  
[  6] 136.00-137.18 sec  2.83 KBytes  19.7 Kbits/sec  2  
[  6] 137.18-141.17 sec  5.66 KBytes  11.6 Kbits/sec  5  
[  6] 141.17-142.09 sec  18.4 KBytes   164 Kbits/sec  13  
[  6] 142.09-143.01 sec  7.07 KBytes  63.0 Kbits/sec  4  
[  6] 143.01-147.91 sec  1.41 KBytes  2.36 Kbits/sec  2  
[  6] 147.91-148.00 sec  24.0 KBytes  2.11 Mbits/sec  16  
[  6] 148.00-149.27 sec  2.83 KBytes  18.3 Kbits/sec  3  
[  6] 149.27-150.17 sec  5.66 KBytes  51.6 Kbits/sec  4  
[  6] 150.17-151.17 sec  2.83 KBytes  23.0 Kbits/sec  2  
[  6] 151.17-158.55 sec  4.24 KBytes  4.71 Kbits/sec  3  
[  6] 158.55-159.00 sec  38.2 KBytes   691 Kbits/sec  26  
[  6] 159.00-161.19 sec  0.00 Bytes  0.00 bits/sec  1  
[  6] 161.19-165.01 sec  11.3 KBytes  24.3 Kbits/sec  8  
[  6] 165.01-166.01 sec  22.6 KBytes   185 Kbits/sec  15  
[  6] 166.01-171.21 sec  0.00 Bytes  0.00 bits/sec  1  
[  6] 171.21-172.01 sec  28.3 KBytes   291 Kbits/sec  19  
[  6] 172.01-173.22 sec  1.41 KBytes  9.56 Kbits/sec  1  
[  6] 173.22-174.73 sec  7.07 KBytes  38.4 Kbits/sec  6  
[  6] 174.73-175.00 sec  7.07 KBytes   210 Kbits/sec  4  
[  6] 175.00-176.00 sec  4.24 KBytes  34.8 Kbits/sec  3  
[  6] 176.00-179.22 sec  2.83 KBytes  7.20 Kbits/sec  3  
[  6] 179.22-180.00 sec  17.0 KBytes   178 Kbits/sec  11  
[  6] 180.00-181.21 sec  1.41 KBytes  9.60 Kbits/sec  2  
[  6] 181.21-182.68 sec  5.66 KBytes  31.6 Kbits/sec  3  
[  6] 182.68-188.61 sec  7.07 KBytes  9.77 Kbits/sec  5  
[  6] 188.61-189.00 sec  29.7 KBytes   616 Kbits/sec  20  
[  6] 189.00-191.22 sec  0.00 Bytes  0.00 bits/sec  1  
[  6] 191.22-192.00 sec  14.1 KBytes   148 Kbits/sec  9  
[  6] 192.00-196.87 sec  5.66 KBytes  9.52 Kbits/sec  5  
[  6] 196.87-197.00 sec  19.8 KBytes  1.27 Mbits/sec  13  
[  6] 197.00-198.37 sec  0.00 Bytes  0.00 bits/sec  1  
[  6] 198.37-201.23 sec  8.48 KBytes  24.3 Kbits/sec  5  
[  6] 201.23-203.51 sec  12.7 KBytes  45.9 Kbits/sec  9  
[  6] 203.51-204.00 sec  12.7 KBytes   211 Kbits/sec  8  
[  6] 204.00-206.57 sec  1.41 KBytes  4.50 Kbits/sec  2  
[  6] 206.57-207.00 sec  12.7 KBytes   243 Kbits/sec  8  
[  6] 207.00-208.68 sec  5.66 KBytes  27.7 Kbits/sec  5  
[  6] 208.68-209.81 sec  2.83 KBytes  20.5 Kbits/sec  2  
[  6] 209.81-210.15 sec  5.66 KBytes   135 Kbits/sec  4  
[  6] 210.15-211.17 sec  5.66 KBytes  45.5 Kbits/sec  4  
[  6] 211.17-212.67 sec  4.24 KBytes  23.1 Kbits/sec  3  
[  6] 212.67-217.07 sec  4.24 KBytes  7.90 Kbits/sec  3  
[  6] 217.07-218.00 sec  25.5 KBytes   224 Kbits/sec  17  
[  6] 218.00-219.01 sec  5.66 KBytes  46.2 Kbits/sec  4  
[  6] 219.01-220.01 sec  4.24 KBytes  34.7 Kbits/sec  3  
[  6] 220.01-221.00 sec  5.66 KBytes  46.7 Kbits/sec  4  
[  6] 221.00-224.93 sec  2.83 KBytes  5.89 Kbits/sec  3  
[  6] 224.93-225.00 sec  15.6 KBytes  1.90 Mbits/sec  10  
[  6] 225.00-226.44 sec  5.66 KBytes  32.2 Kbits/sec  5  
[  6] 226.44-227.01 sec  4.24 KBytes  61.3 Kbits/sec  2  
[  6] 227.01-228.17 sec  4.24 KBytes  29.7 Kbits/sec  4  
[  6] 228.17-229.17 sec  2.83 KBytes  23.2 Kbits/sec  2  
[  6] 229.17-230.25 sec  5.66 KBytes  43.0 Kbits/sec  3  
[  6] 230.25-231.17 sec  4.24 KBytes  37.6 Kbits/sec  4  
[  6] 231.17-232.16 sec  4.24 KBytes  35.1 Kbits/sec  2  
[  6] 232.16-234.26 sec  5.66 KBytes  22.1 Kbits/sec  4  
[  6] 234.26-235.04 sec  12.7 KBytes   135 Kbits/sec  9  
[  6] 235.04-236.17 sec  1.41 KBytes  10.3 Kbits/sec  2  
[  6] 236.17-241.29 sec  5.66 KBytes  9.05 Kbits/sec  4  
[  6] 241.29-242.26 sec  25.5 KBytes   214 Kbits/sec  18  
[  6] 242.26-243.00 sec  7.07 KBytes  77.8 Kbits/sec  4  
[  6] 243.00-244.19 sec  0.00 Bytes  0.00 bits/sec  1  
[  6] 244.19-248.29 sec  5.66 KBytes  11.3 Kbits/sec  4  
[  6] 248.29-249.01 sec  22.6 KBytes   258 Kbits/sec  15  
[  6] 249.01-250.00 sec  5.66 KBytes  46.5 Kbits/sec  4  
[  6] 250.00-251.00 sec  4.24 KBytes  34.8 Kbits/sec  3  
[  6] 251.00-252.01 sec  5.66 KBytes  45.9 Kbits/sec  4  
[  6] 252.01-254.06 sec  0.00 Bytes  0.00 bits/sec  1  
[  6] 254.06-257.55 sec  14.1 KBytes  33.2 Kbits/sec  10  
[  6] 257.55-259.75 sec  14.1 KBytes  52.6 Kbits/sec  10  
[  6] 259.75-261.30 sec  9.90 KBytes  52.2 Kbits/sec  7  
[  6] 261.30-267.89 sec  8.48 KBytes  10.5 Kbits/sec  6  
[  6] 267.89-268.00 sec  31.1 KBytes  2.37 Mbits/sec  21  
[  6] 268.00-270.09 sec  1.41 KBytes  5.53 Kbits/sec  2  
[  6] 270.09-271.31 sec  9.90 KBytes  66.5 Kbits/sec  7  
[  6] 271.31-276.26 sec  5.66 KBytes  9.37 Kbits/sec  4  
[  6] 276.26-276.26 sec  2.83 KBytes  47.0 Mbits/sec  2  
[  6] 276.26-276.26 sec  11.3 KBytes  31.2 Mbits/sec  8  
[  6] 276.26-281.33 sec  11.3 KBytes  18.3 Kbits/sec  8  
[  6] 281.33-285.80 sec  24.0 KBytes  44.1 Kbits/sec  16  
[  6] 285.80-286.00 sec  21.2 KBytes   857 Kbits/sec  14  
[  6] 286.00-288.90 sec  1.41 KBytes  4.00 Kbits/sec  1  
[  6] 288.90-289.00 sec  12.7 KBytes  1.03 Mbits/sec  8  
[  6] 289.00-290.01 sec  5.66 KBytes  45.9 Kbits/sec  4  
[  6] 290.01-291.34 sec  4.24 KBytes  26.1 Kbits/sec  4  
[  6] 291.34-292.01 sec  5.66 KBytes  69.8 Kbits/sec  3  
[  6] 292.01-293.68 sec  4.24 KBytes  20.8 Kbits/sec  4  
[  6] 293.68-295.92 sec  4.24 KBytes  15.5 Kbits/sec  3  
[  6] 295.92-296.00 sec  11.3 KBytes  1.17 Mbits/sec  7  
[  6] 296.00-297.00 sec  4.24 KBytes  34.6 Kbits/sec  3  
[  6] 297.00-300.19 sec  4.24 KBytes  10.9 Kbits/sec  4  
[  6] 300.19-301.35 sec  14.1 KBytes   100 Kbits/sec  9  
[  6] 301.35-303.94 sec  4.24 KBytes  13.4 Kbits/sec  3  
[  6] 303.94-304.00 sec  11.3 KBytes  1.43 Mbits/sec  7  
[  6] 304.00-305.01 sec  5.66 KBytes  46.1 Kbits/sec  4  
[  6] 305.01-306.01 sec  4.24 KBytes  34.6 Kbits/sec  3  
[  6] 306.01-308.82 sec  0.00 Bytes  0.00 bits/sec  1  
[  6] 308.82-309.00 sec  14.1 KBytes   659 Kbits/sec  9  
[  6] 309.00-310.15 sec  2.83 KBytes  20.2 Kbits/sec  3  
[  6] 310.15-311.36 sec  7.07 KBytes  47.8 Kbits/sec  4  
[  6] 311.36-312.67 sec  4.24 KBytes  26.6 Kbits/sec  4  
[  6] 312.67-313.74 sec  5.66 KBytes  43.2 Kbits/sec  4  
[  6] 313.74-314.67 sec  4.24 KBytes  37.2 Kbits/sec  3  
[  6] 314.67-315.01 sec  5.66 KBytes   138 Kbits/sec  3  
[  6] 315.01-316.01 sec  5.66 KBytes  46.2 Kbits/sec  4  
[  6] 316.01-317.75 sec  1.41 KBytes  6.66 Kbits/sec  2  
[  6] 317.75-318.01 sec  8.48 KBytes   270 Kbits/sec  5  
[  6] 318.01-319.01 sec  4.24 KBytes  34.6 Kbits/sec  3  
[  6] 319.01-321.37 sec  4.24 KBytes  14.7 Kbits/sec  4  
[  6] 321.37-325.74 sec  9.90 KBytes  18.6 Kbits/sec  6  
[  6] 325.74-326.01 sec  19.8 KBytes   619 Kbits/sec  14  
[  6] 326.01-327.68 sec  4.24 KBytes  20.7 Kbits/sec  4  
[  6] 327.68-328.81 sec  5.66 KBytes  41.1 Kbits/sec  4  
[  6] 328.81-329.00 sec  5.66 KBytes   243 Kbits/sec  3  
[  6] 329.00-330.09 sec  1.41 KBytes  10.6 Kbits/sec  2  
[  6] 330.09-331.38 sec  7.07 KBytes  44.9 Kbits/sec  5  
[  6] 331.38-332.00 sec  5.66 KBytes  75.0 Kbits/sec  3  
[  6] 332.00-333.01 sec  4.24 KBytes  34.6 Kbits/sec  3  
[  6] 333.01-334.14 sec  5.66 KBytes  40.8 Kbits/sec  4  
[  6] 334.14-335.66 sec  2.83 KBytes  15.2 Kbits/sec  2  
[  6] 335.66-336.01 sec  7.07 KBytes   170 Kbits/sec  5  
[  6] 336.01-337.15 sec  2.83 KBytes  20.2 Kbits/sec  3  
[  6] 337.15-338.01 sec  7.07 KBytes  67.8 Kbits/sec  4  
[  6] 338.01-339.01 sec  4.24 KBytes  34.6 Kbits/sec  3  
[  6] 339.01-341.17 sec  0.00 Bytes  0.00 bits/sec  1  
[  6] 341.17-342.67 sec  12.7 KBytes  69.2 Kbits/sec  9  
[  6] 342.67-343.00 sec  7.07 KBytes   174 Kbits/sec  4  
[  6] 343.00-345.75 sec  1.41 KBytes  4.21 Kbits/sec  2  
[  6] 345.75-346.00 sec  12.7 KBytes   425 Kbits/sec  8  
[  6] 346.00-348.13 sec  1.41 KBytes  5.43 Kbits/sec  2  
[  6] 348.13-349.17 sec  11.3 KBytes  89.3 Kbits/sec  8  
[  6] 349.17-350.00 sec  7.07 KBytes  69.7 Kbits/sec  4  
[  6] 350.00-351.00 sec  4.24 KBytes  34.8 Kbits/sec  3  
[  6] 351.00-355.20 sec  2.83 KBytes  5.52 Kbits/sec  2  
[  6] 355.20-356.00 sec  22.6 KBytes   231 Kbits/sec  15  
[  6] 356.00-358.89 sec  2.83 KBytes  8.02 Kbits/sec  3  
[  6] 358.89-359.00 sec  11.3 KBytes   841 Kbits/sec  7  
[  6] 359.00-360.01 sec  5.66 KBytes  46.0 Kbits/sec  4  
[  6] 360.01-361.42 sec  1.41 KBytes  8.18 Kbits/sec  2  
[  6] 361.42-365.04 sec  5.66 KBytes  12.8 Kbits/sec  4  
[  6] 365.04-370.29 sec  21.2 KBytes  33.1 Kbits/sec  15  
[  6] 370.29-371.43 sec  24.0 KBytes   172 Kbits/sec  17  
[  6] 371.43-376.73 sec  2.83 KBytes  4.37 Kbits/sec  2  
[  6] 376.73-377.00 sec  26.9 KBytes   817 Kbits/sec  18  
[  6] 377.00-381.45 sec  4.24 KBytes  7.82 Kbits/sec  3  
[  6] 381.45-386.51 sec  19.8 KBytes  32.0 Kbits/sec  14  
[  6] 386.51-387.86 sec  25.5 KBytes   154 Kbits/sec  19  
[  6] 387.86-388.01 sec  4.24 KBytes   234 Kbits/sec  2  
[  6] 388.01-390.18 sec  4.24 KBytes  16.1 Kbits/sec  4  
[  6] 390.18-391.45 sec  8.48 KBytes  54.5 Kbits/sec  6  
[  6] 391.45-392.00 sec  7.07 KBytes   105 Kbits/sec  4  
[  6] 392.00-396.05 sec  1.41 KBytes  2.86 Kbits/sec  2  
[  6] 396.05-401.47 sec  19.8 KBytes  29.9 Kbits/sec  14  
[  6] 401.47-401.48 sec  25.5 KBytes  20.7 Mbits/sec  17  
[  6] 401.48-402.00 sec  2.83 KBytes  44.1 Kbits/sec  2  
[  6] 402.00-403.10 sec  1.41 KBytes  10.6 Kbits/sec  2  
[  6] 403.10-407.25 sec  4.24 KBytes  8.37 Kbits/sec  3  
[  6] 407.25-408.01 sec  22.6 KBytes   244 Kbits/sec  15  
[  6] 408.01-410.48 sec  2.83 KBytes  9.38 Kbits/sec  3  
[  6] 410.48-410.48 sec  2.83 KBytes  43.6 Mbits/sec  2  
[  6] 410.48-411.47 sec  8.48 KBytes  69.8 Kbits/sec  5  
[  6] 411.47-414.87 sec  4.24 KBytes  10.2 Kbits/sec  4  
[  6] 414.87-414.87 sec  1.41 KBytes  30.0 Mbits/sec  1  
[  6] 414.87-415.00 sec  15.6 KBytes   962 Kbits/sec  10  
[  6] 415.00-417.68 sec  0.00 Bytes  0.00 bits/sec  0  
[  6] 417.68-420.64 sec  14.1 KBytes  39.1 Kbits/sec  11  
[  6] 420.64-421.16 sec  14.1 KBytes   223 Kbits/sec  10  
[  6] 421.16-422.18 sec  4.24 KBytes  34.1 Kbits/sec  2  
[  6] 422.18-424.65 sec  5.66 KBytes  18.7 Kbits/sec  5  
[  6] 424.65-425.00 sec  9.90 KBytes   232 Kbits/sec  6  
[  6] 425.00-426.00 sec  1.41 KBytes  11.6 Kbits/sec  2  
[  6] 426.00-427.36 sec  8.48 KBytes  51.3 Kbits/sec  6  
[  6] 427.36-428.10 sec  2.83 KBytes  31.0 Kbits/sec  2  
[  6] 428.10-431.51 sec  5.66 KBytes  13.6 Kbits/sec  4  
[  6] 431.51-432.63 sec  15.6 KBytes   114 Kbits/sec  11  
[  6] 432.63-433.00 sec  5.66 KBytes   123 Kbits/sec  3  
[  6] 433.00-434.18 sec  0.00 Bytes  0.00 bits/sec  0  
[  6] 434.18-435.80 sec  8.48 KBytes  42.9 Kbits/sec  7  
[  6] 435.80-436.01 sec  5.66 KBytes   223 Kbits/sec  3  
[  6] 436.01-437.92 sec  2.83 KBytes  12.2 Kbits/sec  2  
[  6] 437.92-438.00 sec  7.07 KBytes   687 Kbits/sec  5  
[  6] 438.00-439.27 sec  4.24 KBytes  27.4 Kbits/sec  4  
[  6] 439.27-440.21 sec  4.24 KBytes  36.8 Kbits/sec  3  
[  6] 440.21-441.06 sec  2.83 KBytes  27.4 Kbits/sec  2  
[  6] 441.06-442.67 sec  7.07 KBytes  35.9 Kbits/sec  5  
[  6] 442.67-443.00 sec  5.66 KBytes   140 Kbits/sec  3  
[  6] 443.00-444.00 sec  5.66 KBytes  46.2 Kbits/sec  4  
[  6] 444.00-445.00 sec  4.24 KBytes  34.8 Kbits/sec  3  
[  6] 445.00-446.00 sec  5.66 KBytes  46.3 Kbits/sec  4  
[  6] 446.00-447.86 sec  1.41 KBytes  6.25 Kbits/sec  1  
[  6] 447.86-448.00 sec  7.07 KBytes   403 Kbits/sec  5  
[  6] 448.00-449.68 sec  4.24 KBytes  20.7 Kbits/sec  4  
[  6] 449.68-450.01 sec  5.66 KBytes   142 Kbits/sec  3  
[  6] 450.01-451.52 sec  2.83 KBytes  15.3 Kbits/sec  3  
[  6] 451.52-452.00 sec  7.07 KBytes   121 Kbits/sec  4  
[  6] 452.00-454.08 sec  4.24 KBytes  16.7 Kbits/sec  4  
[  6] 454.08-455.01 sec  11.3 KBytes   100 Kbits/sec  7  
[  6] 455.01-456.07 sec  0.00 Bytes  0.00 bits/sec  1  
[  6] 456.07-457.01 sec  9.90 KBytes  87.1 Kbits/sec  6  
[  6] 457.01-458.01 sec  4.24 KBytes  34.7 Kbits/sec  3  
[  6] 458.01-461.08 sec  0.00 Bytes  0.00 bits/sec  1  
[  6] 461.08-462.10 sec  18.4 KBytes   147 Kbits/sec  13  
[  6] 462.10-463.00 sec  5.66 KBytes  51.4 Kbits/sec  3  
[  6] 463.00-464.67 sec  4.24 KBytes  20.9 Kbits/sec  4  
[  6] 464.67-465.01 sec  5.66 KBytes   136 Kbits/sec  3  
[  6] 465.01-471.29 sec  0.00 Bytes  0.00 bits/sec  1  
[  6] 471.29-471.30 sec  28.3 KBytes  24.8 Mbits/sec  21  
[  6] 471.30-472.55 sec  2.83 KBytes  18.6 Kbits/sec  3  
[  6] 472.55-473.00 sec  5.66 KBytes   102 Kbits/sec  3  
[  6] 473.00-474.01 sec  4.24 KBytes  34.6 Kbits/sec  3  
[  6] 474.01-475.10 sec  2.83 KBytes  21.2 Kbits/sec  3  
[  6] 475.10-478.13 sec  4.24 KBytes  11.5 Kbits/sec  3  
[  6] 478.13-479.81 sec  15.6 KBytes  75.8 Kbits/sec  11  
[  6] 479.81-480.00 sec  7.07 KBytes   300 Kbits/sec  4  
[  6] 480.00-481.56 sec  1.41 KBytes  7.44 Kbits/sec  2  
[  6] 481.56-482.31 sec  7.07 KBytes  77.2 Kbits/sec  5  
[  6] 482.31-484.89 sec  5.66 KBytes  18.0 Kbits/sec  6  
[  6] 484.89-485.00 sec  7.07 KBytes   513 Kbits/sec  4  
[  6] 485.00-486.14 sec  1.41 KBytes  10.1 Kbits/sec  2  
[  6] 486.14-491.58 sec  5.66 KBytes  8.52 Kbits/sec  4  
[  6] 491.58-492.01 sec  26.9 KBytes   518 Kbits/sec  18  
[  6] 492.01-497.54 sec  2.83 KBytes  4.19 Kbits/sec  3  
[  6] 497.54-498.00 sec  26.9 KBytes   479 Kbits/sec  18  
[  6] 498.00-501.32 sec  1.41 KBytes  3.49 Kbits/sec  1  
[  6] 501.32-501.33 sec  9.90 KBytes  11.3 Mbits/sec  8  
[  6] 501.33-507.87 sec  5.66 KBytes  7.09 Kbits/sec  4  
[  6] 507.87-508.00 sec  32.5 KBytes  1.98 Mbits/sec  22  
[  6] 508.00-509.01 sec  4.24 KBytes  34.5 Kbits/sec  3  
[  6] 509.01-510.16 sec  0.00 Bytes  0.00 bits/sec  1  
[  6] 510.16-511.60 sec  8.48 KBytes  48.3 Kbits/sec  6  
[  6] 511.60-512.00 sec  5.66 KBytes   114 Kbits/sec  3  
[  6] 512.00-516.71 sec  1.41 KBytes  2.46 Kbits/sec  2  
[  6] 516.71-517.00 sec  24.0 KBytes   680 Kbits/sec  16  
[  6] 517.00-521.61 sec  1.41 KBytes  2.51 Kbits/sec  2  
[  6] 521.61-522.00 sec  22.6 KBytes   468 Kbits/sec  15  
[  6] 522.00-524.68 sec  1.41 KBytes  4.33 Kbits/sec  2  
[  6] 524.68-525.01 sec  12.7 KBytes   315 Kbits/sec  8  
[  6] 525.01-527.59 sec  1.41 KBytes  4.49 Kbits/sec  2  
[  6] 527.59-528.00 sec  14.1 KBytes   279 Kbits/sec  9  
[  6] 528.00-529.01 sec  4.24 KBytes  34.7 Kbits/sec  3  
[  6] 529.01-531.59 sec  1.41 KBytes  4.49 Kbits/sec  2  
[  6] 531.59-532.01 sec  14.1 KBytes   274 Kbits/sec  9  
[  6] 532.01-533.16 sec  4.24 KBytes  30.1 Kbits/sec  4  
[  6] 533.16-538.51 sec  1.41 KBytes  2.17 Kbits/sec  1  
[  6] 538.51-539.00 sec  28.3 KBytes   467 Kbits/sec  19  
[  6] 539.00-540.01 sec  4.24 KBytes  34.6 Kbits/sec  3  
[  6] 540.01-541.16 sec  4.24 KBytes  30.1 Kbits/sec  4  
[  6] 541.16-543.07 sec  4.24 KBytes  18.2 Kbits/sec  2  
[  6] 543.07-545.62 sec  7.07 KBytes  22.7 Kbits/sec  5  
[  6] 545.62-546.37 sec  12.7 KBytes   139 Kbits/sec  10  
[  6] 546.37-547.13 sec  4.24 KBytes  45.8 Kbits/sec  3  
[  6] 547.13-548.01 sec  7.07 KBytes  65.8 Kbits/sec  4  
[  6] 548.01-549.01 sec  4.24 KBytes  34.7 Kbits/sec  3  
[  6] 549.01-550.99 sec  4.24 KBytes  17.6 Kbits/sec  4  
[  6] 550.99-551.00 sec  5.66 KBytes  3.34 Mbits/sec  3  
[  6] 551.00-552.00 sec  5.66 KBytes  46.2 Kbits/sec  4  
[  6] 552.00-553.07 sec  4.24 KBytes  32.4 Kbits/sec  3  
[  6] 553.07-554.45 sec  2.83 KBytes  16.8 Kbits/sec  2  
[  6] 554.45-555.17 sec  7.07 KBytes  80.4 Kbits/sec  6  
[  6] 555.17-556.67 sec  2.83 KBytes  15.4 Kbits/sec  2  
[  6] 556.67-557.00 sec  7.07 KBytes   175 Kbits/sec  4  
[  6] 557.00-561.66 sec  2.83 KBytes  4.98 Kbits/sec  2  
[  6] 561.66-562.29 sec  21.2 KBytes   274 Kbits/sec  15  
[  6] 562.29-563.00 sec  1.41 KBytes  16.3 Kbits/sec  2  
[  6] 563.00-564.00 sec  8.48 KBytes  69.8 Kbits/sec  5  
[  6] 564.00-567.90 sec  4.24 KBytes  8.91 Kbits/sec  4  
[  6] 567.90-568.00 sec  15.6 KBytes  1.30 Mbits/sec  10  
[  6] 568.00-569.01 sec  2.83 KBytes  22.9 Kbits/sec  2  
[  6] 569.01-570.00 sec  7.07 KBytes  58.6 Kbits/sec  5  
[  6] 570.00-571.66 sec  2.83 KBytes  13.9 Kbits/sec  3  
[  6] 571.66-577.07 sec  5.66 KBytes  8.57 Kbits/sec  4  
[  6] 577.07-577.07 sec  5.66 KBytes  31.7 Mbits/sec  4  
[  6] 577.07-578.00 sec  24.0 KBytes   211 Kbits/sec  16  
[  6] 578.00-579.00 sec  5.66 KBytes  46.4 Kbits/sec  4  
[  6] 579.00-580.00 sec  4.24 KBytes  34.8 Kbits/sec  3  
[  6] 580.00-581.68 sec  1.41 KBytes  6.90 Kbits/sec  2  
[  6] 581.68-582.00 sec  8.48 KBytes   216 Kbits/sec  5  
[  6] 582.00-589.56 sec  2.83 KBytes  3.06 Kbits/sec  3  
[  6] 589.56-590.00 sec  36.8 KBytes   688 Kbits/sec  25  
[  6] 590.00-591.69 sec  1.41 KBytes  6.85 Kbits/sec  2  
[  6] 591.69-598.42 sec  7.07 KBytes  8.61 Kbits/sec  5  
[  6] 598.42-601.70 sec  35.4 KBytes  88.3 Kbits/sec  24  
[  6] 601.70-601.70 sec  8.48 KBytes  21.8 Mbits/sec  6  
- - - - - - - - - - - - - - - - - - - - - - - - -
[ ID] Interval           Transfer     Bitrate         Jitter    Lost/Total Datagrams
[  6]   0.00-601.70 sec  2.87 MBytes  39.9 Kbits/sec  0.000 ms  0/2075 (0%)  sender
[  6]   0.00-601.71 sec  2.39 MBytes  33.3 Kbits/sec  0.521 ms  347/2075 (17%)  receiver

iperf Done.
Connecting to host 10.110.0.1, port 9000
[  6] local 10.110.0.2 port 41352 connected to 10.110.0.1 port 9000
[ ID] Interval           Transfer     Bitrate         Total Datagrams
[  6]   0.00-6.17   sec  1.41 KBytes  1.88 Kbits/sec  1  
[  6]   6.17-7.44   sec  39.6 KBytes   256 Kbits/sec  29  
[  6]   7.44-11.99  sec  5.66 KBytes  10.2 Kbits/sec  4  
[  6]  11.99-11.99  sec  18.4 KBytes   212 Mbits/sec  13  
[  6]  11.99-12.00  sec  8.48 KBytes  5.82 Mbits/sec  5  
[  6]  12.00-15.89  sec  2.83 KBytes  5.95 Kbits/sec  3  
[  6]  15.89-16.00  sec  22.6 KBytes  1.72 Mbits/sec  15  
[  6]  16.00-17.01  sec  5.66 KBytes  46.0 Kbits/sec  4  
[  6]  17.01-19.18  sec  0.00 Bytes  0.00 bits/sec  0  
[  6]  19.18-22.32  sec  14.1 KBytes  36.8 Kbits/sec  10  
[  6]  22.32-24.25  sec  19.8 KBytes  84.2 Kbits/sec  14  
[  6]  24.25-25.00  sec  14.1 KBytes   154 Kbits/sec  9  
[  6]  25.00-26.13  sec  2.83 KBytes  20.5 Kbits/sec  3  
[  6]  26.13-28.70  sec  5.66 KBytes  18.0 Kbits/sec  4  
[  6]  28.70-28.71  sec  14.1 KBytes  33.5 Mbits/sec  9  
[  6]  28.71-29.63  sec  1.41 KBytes  12.5 Kbits/sec  2  
[  6]  29.63-30.02  sec  5.66 KBytes   120 Kbits/sec  3  
[  6]  30.02-31.00  sec  7.07 KBytes  59.1 Kbits/sec  5  
[  6]  31.00-32.00  sec  7.07 KBytes  57.9 Kbits/sec  5  
[  6]  32.00-33.00  sec  5.66 KBytes  46.3 Kbits/sec  4  
[  6]  33.00-34.63  sec  5.66 KBytes  28.5 Kbits/sec  5  
[  6]  34.63-35.14  sec  5.66 KBytes  89.9 Kbits/sec  4  
[  6]  35.14-36.21  sec  2.83 KBytes  21.7 Kbits/sec  1  
[  6]  36.21-37.32  sec  5.66 KBytes  41.7 Kbits/sec  5  
[  6]  37.32-38.26  sec  9.90 KBytes  86.5 Kbits/sec  7  
[  6]  38.26-39.07  sec  7.07 KBytes  71.2 Kbits/sec  4  
[  6]  39.07-40.51  sec  1.41 KBytes  8.03 Kbits/sec  2  
[  6]  40.51-41.64  sec  9.90 KBytes  71.9 Kbits/sec  7  
[  6]  41.64-42.64  sec  5.66 KBytes  46.6 Kbits/sec  4  
[  6]  42.64-43.08  sec  7.07 KBytes   130 Kbits/sec  4  
[  6]  43.08-46.23  sec  1.41 KBytes  3.69 Kbits/sec  2  
[  6]  46.23-46.23  sec  18.4 KBytes  38.1 Mbits/sec  12  
[  6]  46.23-47.02  sec  1.41 KBytes  14.6 Kbits/sec  2  
[  6]  47.02-48.00  sec  9.90 KBytes  82.5 Kbits/sec  6  
[  6]  48.00-49.41  sec  4.24 KBytes  24.7 Kbits/sec  4  
[  6]  49.41-50.13  sec  5.66 KBytes  64.8 Kbits/sec  3  
[  6]  50.13-51.14  sec  2.83 KBytes  22.9 Kbits/sec  3  
[  6]  51.14-52.39  sec  7.07 KBytes  46.5 Kbits/sec  5  
[  6]  52.39-53.14  sec  7.07 KBytes  77.2 Kbits/sec  5  
[  6]  53.14-54.13  sec  4.24 KBytes  34.9 Kbits/sec  3  
[  6]  54.13-56.12  sec  7.07 KBytes  29.1 Kbits/sec  5  
[  6]  56.12-57.14  sec  12.7 KBytes   102 Kbits/sec  9  
[  6]  57.14-58.12  sec  4.24 KBytes  35.5 Kbits/sec  3  
[  6]  58.12-64.39  sec  7.07 KBytes  9.24 Kbits/sec  5  
[  6]  64.39-64.39  sec  36.8 KBytes   132 Mbits/sec  25  
[  6]  64.39-65.14  sec  2.83 KBytes  31.1 Kbits/sec  3  
[  6]  65.14-66.05  sec  4.24 KBytes  38.0 Kbits/sec  3  
[  6]  66.05-70.43  sec  4.24 KBytes  7.93 Kbits/sec  3  
[  6]  70.43-71.21  sec  26.9 KBytes   284 Kbits/sec  18  
[  6]  71.21-72.01  sec  8.48 KBytes  87.2 Kbits/sec  6  
[  6]  72.01-73.00  sec  7.07 KBytes  58.3 Kbits/sec  5  
[  6]  73.00-74.01  sec  5.66 KBytes  46.0 Kbits/sec  4  
[  6]  74.01-75.00  sec  5.66 KBytes  46.5 Kbits/sec  4  
[  6]  75.00-76.26  sec  1.41 KBytes  9.21 Kbits/sec  2  
[  6]  76.26-82.02  sec  8.48 KBytes  12.1 Kbits/sec  5  
[  6]  82.02-82.03  sec  33.9 KBytes  30.6 Mbits/sec  23  
[  6]  82.03-83.74  sec  1.41 KBytes  6.76 Kbits/sec  2  
[  6]  83.74-84.01  sec  9.90 KBytes   307 Kbits/sec  6  
[  6]  84.01-85.00  sec  5.66 KBytes  46.6 Kbits/sec  4  
[  6]  85.00-86.27  sec  5.66 KBytes  36.4 Kbits/sec  5  
[  6]  86.27-90.35  sec  2.83 KBytes  5.69 Kbits/sec  2  
[  6]  90.35-91.58  sec  26.9 KBytes   178 Kbits/sec  19  
[  6]  91.58-93.96  sec  7.07 KBytes  24.3 Kbits/sec  5  
[  6]  93.96-94.00  sec  12.7 KBytes  2.79 Mbits/sec  8  
[  6]  94.00-96.29  sec  1.41 KBytes  5.07 Kbits/sec  1  
[  6]  96.29-98.82  sec  15.6 KBytes  50.4 Kbits/sec  11  
[  6]  98.82-99.00  sec  14.1 KBytes   620 Kbits/sec  9  
[  6]  99.00-103.43 sec  0.00 Bytes  0.00 bits/sec  1  
[  6] 103.43-106.30 sec  29.7 KBytes  84.8 Kbits/sec  21  
[  6] 106.30-112.33 sec  17.0 KBytes  23.1 Kbits/sec  12  
[  6] 112.33-116.31 sec  36.8 KBytes  75.6 Kbits/sec  26  
[  6] 116.31-117.95 sec  24.0 KBytes   120 Kbits/sec  17  
[  6] 117.95-118.00 sec  8.48 KBytes  1.53 Mbits/sec  5  
[  6] 118.00-122.43 sec  1.41 KBytes  2.62 Kbits/sec  2  
[  6] 122.43-126.32 sec  26.9 KBytes  56.5 Kbits/sec  19  
[  6] 126.32-132.00 sec  24.0 KBytes  34.7 Kbits/sec  17  
[  6] 132.00-132.00 sec  32.5 KBytes  54.0 Mbits/sec  22  
[  6] 132.00-133.13 sec  2.83 KBytes  20.5 Kbits/sec  3  
[  6] 133.13-135.88 sec  5.66 KBytes  16.9 Kbits/sec  4  
[  6] 135.88-136.00 sec  17.0 KBytes  1.12 Mbits/sec  11  
[  6] 136.00-137.00 sec  5.66 KBytes  46.3 Kbits/sec  4  
[  6] 137.00-139.89 sec  5.66 KBytes  16.0 Kbits/sec  5  
[  6] 139.89-140.00 sec  12.7 KBytes   979 Kbits/sec  8  
[  6] 140.00-141.63 sec  4.24 KBytes  21.3 Kbits/sec  4  
[  6] 141.63-142.01 sec  7.07 KBytes   154 Kbits/sec  4  
[  6] 142.01-144.51 sec  5.66 KBytes  18.5 Kbits/sec  5  
[  6] 144.51-145.00 sec  12.7 KBytes   211 Kbits/sec  8  
[  6] 145.00-146.34 sec  4.24 KBytes  26.0 Kbits/sec  4  
[  6] 146.34-147.01 sec  8.48 KBytes   104 Kbits/sec  5  
[  6] 147.01-148.01 sec  5.66 KBytes  46.2 Kbits/sec  4  
[  6] 148.01-149.56 sec  5.66 KBytes  29.9 Kbits/sec  5  
[  6] 149.56-153.92 sec  5.66 KBytes  10.6 Kbits/sec  4  
[  6] 153.93-154.00 sec  25.5 KBytes  2.77 Mbits/sec  17  
[  6] 154.00-155.01 sec  7.07 KBytes  57.4 Kbits/sec  5  
[  6] 155.01-156.30 sec  2.83 KBytes  17.9 Kbits/sec  3  
[  6] 156.30-157.13 sec  4.24 KBytes  42.0 Kbits/sec  3  
[  6] 157.13-158.13 sec  7.07 KBytes  57.9 Kbits/sec  5  
[  6] 158.13-159.30 sec  5.66 KBytes  39.8 Kbits/sec  4  
[  6] 159.30-160.13 sec  9.90 KBytes  97.2 Kbits/sec  6  
[  6] 160.13-161.13 sec  2.83 KBytes  23.2 Kbits/sec  3  
[  6] 161.13-163.31 sec  7.07 KBytes  26.5 Kbits/sec  5  
[  6] 163.31-164.13 sec  11.3 KBytes   113 Kbits/sec  8  
[  6] 164.13-165.13 sec  5.66 KBytes  46.0 Kbits/sec  4  
[  6] 165.13-166.36 sec  5.66 KBytes  37.7 Kbits/sec  4  
[  6] 166.36-168.23 sec  7.07 KBytes  31.0 Kbits/sec  5  
[  6] 168.23-171.32 sec  14.1 KBytes  37.5 Kbits/sec  10  
[  6] 171.32-172.14 sec  18.4 KBytes   184 Kbits/sec  13  
[  6] 172.14-173.13 sec  5.66 KBytes  47.0 Kbits/sec  4  
[  6] 173.13-174.44 sec  4.24 KBytes  26.4 Kbits/sec  2  
[  6] 174.44-176.38 sec  7.07 KBytes  29.9 Kbits/sec  6  
[  6] 176.38-177.35 sec  12.7 KBytes   107 Kbits/sec  9  
[  6] 177.35-178.12 sec  5.66 KBytes  60.2 Kbits/sec  4  
[  6] 178.12-179.00 sec  8.48 KBytes  79.3 Kbits/sec  5  
[  6] 179.00-181.48 sec  0.00 Bytes  0.00 bits/sec  1  
[  6] 181.48-181.48 sec  15.6 KBytes   138 Mbits/sec  10  
[  6] 181.48-182.00 sec  2.83 KBytes  44.1 Kbits/sec  2  
[  6] 182.00-185.27 sec  1.41 KBytes  3.55 Kbits/sec  2  
[  6] 185.27-186.39 sec  19.8 KBytes   145 Kbits/sec  14  
[  6] 186.39-193.11 sec  5.66 KBytes  6.89 Kbits/sec  4  
[  6] 193.11-196.40 sec  43.8 KBytes   109 Kbits/sec  31  
[  6] 196.40-197.00 sec  21.2 KBytes   289 Kbits/sec  14  
[  6] 197.00-199.38 sec  1.41 KBytes  4.88 Kbits/sec  2  
[  6] 199.38-202.29 sec  14.1 KBytes  39.8 Kbits/sec  10  
[  6] 202.29-204.07 sec  18.4 KBytes  84.7 Kbits/sec  13  
[  6] 204.07-206.41 sec  14.1 KBytes  49.4 Kbits/sec  10  
[  6] 206.41-210.14 sec  11.3 KBytes  24.9 Kbits/sec  8  
[  6] 210.14-211.79 sec  25.5 KBytes   126 Kbits/sec  18  
[  6] 211.79-212.01 sec  7.07 KBytes   265 Kbits/sec  4  
[  6] 212.01-213.31 sec  0.00 Bytes  0.00 bits/sec  0  
[  6] 213.31-214.02 sec  9.90 KBytes   115 Kbits/sec  8  
[  6] 214.02-216.43 sec  2.83 KBytes  9.62 Kbits/sec  2  
[  6] 216.43-221.20 sec  14.1 KBytes  24.3 Kbits/sec  10  
[  6] 221.20-223.42 sec  31.1 KBytes   114 Kbits/sec  22  
[  6] 223.42-226.44 sec  12.7 KBytes  34.6 Kbits/sec  9  
[  6] 226.44-226.44 sec  8.48 KBytes   160 Mbits/sec  6  
[  6] 226.44-227.33 sec  11.3 KBytes   104 Kbits/sec  8  
[  6] 227.33-232.49 sec  2.83 KBytes  4.50 Kbits/sec  1  
[  6] 232.49-232.49 sec  1.41 KBytes   103 Mbits/sec  2  
[  6] 232.49-236.45 sec  32.5 KBytes  67.2 Kbits/sec  23  
[  6] 236.45-240.15 sec  24.0 KBytes  53.2 Kbits/sec  17  
[  6] 240.15-242.85 sec  24.0 KBytes  73.0 Kbits/sec  17  
[  6] 242.85-242.85 sec  1.41 KBytes  53.1 Mbits/sec  1  
[  6] 242.85-243.00 sec  11.3 KBytes   608 Kbits/sec  7  
[  6] 243.00-244.64 sec  4.24 KBytes  21.2 Kbits/sec  4  
[  6] 244.64-246.46 sec  7.07 KBytes  31.8 Kbits/sec  5  
[  6] 246.46-246.46 sec  1.41 KBytes  64.7 Mbits/sec  1  
[  6] 246.46-247.01 sec  12.7 KBytes   189 Kbits/sec  8  
[  6] 247.01-248.64 sec  2.83 KBytes  14.2 Kbits/sec  3  
[  6] 248.64-251.98 sec  8.48 KBytes  20.8 Kbits/sec  6  
[  6] 251.98-252.00 sec  18.4 KBytes  8.09 Mbits/sec  12  
[  6] 252.00-254.86 sec  2.83 KBytes  8.11 Kbits/sec  3  
[  6] 254.86-255.00 sec  15.6 KBytes   898 Kbits/sec  10  
[  6] 255.00-256.47 sec  4.24 KBytes  23.6 Kbits/sec  4  
[  6] 256.47-260.89 sec  8.48 KBytes  15.7 Kbits/sec  6  
[  6] 260.89-261.00 sec  22.6 KBytes  1.65 Mbits/sec  16  
[  6] 261.00-262.29 sec  5.66 KBytes  36.1 Kbits/sec  5  
[  6] 262.29-263.22 sec  4.24 KBytes  37.1 Kbits/sec  3  
[  6] 263.22-264.13 sec  5.66 KBytes  50.9 Kbits/sec  4  
[  6] 264.13-265.13 sec  7.07 KBytes  58.0 Kbits/sec  5  
[  6] 265.13-266.27 sec  4.24 KBytes  30.5 Kbits/sec  3  
[  6] 266.27-267.14 sec  7.07 KBytes  66.5 Kbits/sec  5  
[  6] 267.14-268.12 sec  4.24 KBytes  35.3 Kbits/sec  3  
[  6] 268.12-270.26 sec  9.90 KBytes  37.9 Kbits/sec  7  
[  6] 270.26-271.15 sec  9.90 KBytes  91.8 Kbits/sec  7  
[  6] 271.15-272.14 sec  5.66 KBytes  46.7 Kbits/sec  4  
[  6] 272.14-276.08 sec  7.07 KBytes  14.7 Kbits/sec  4  
[  6] 276.08-278.28 sec  24.0 KBytes  89.6 Kbits/sec  18  
[  6] 278.28-279.13 sec  11.3 KBytes   109 Kbits/sec  8  
[  6] 279.13-280.12 sec  5.66 KBytes  46.5 Kbits/sec  4  
[  6] 280.12-283.35 sec  5.66 KBytes  14.4 Kbits/sec  4  
[  6] 283.35-283.35 sec  19.8 KBytes   147 Mbits/sec  13  
[  6] 283.35-284.00 sec  2.83 KBytes  35.4 Kbits/sec  2  
[  6] 284.00-285.06 sec  2.83 KBytes  21.9 Kbits/sec  3  
[  6] 285.06-286.36 sec  9.90 KBytes  62.4 Kbits/sec  7  
[  6] 286.36-287.12 sec  2.83 KBytes  30.2 Kbits/sec  2  
[  6] 287.12-288.13 sec  5.66 KBytes  46.1 Kbits/sec  4  
[  6] 288.13-290.36 sec  9.90 KBytes  36.3 Kbits/sec  7  
[  6] 290.36-291.15 sec  9.90 KBytes   104 Kbits/sec  7  
[  6] 291.15-292.13 sec  4.24 KBytes  35.4 Kbits/sec  3  
[  6] 292.13-293.00 sec  9.90 KBytes  92.8 Kbits/sec  6  
[  6] 293.00-296.52 sec  0.00 Bytes  0.00 bits/sec  1  
[  6] 296.52-298.36 sec  24.0 KBytes   107 Kbits/sec  17  
[  6] 298.36-299.13 sec  12.7 KBytes   135 Kbits/sec  9  
[  6] 299.13-300.13 sec  1.41 KBytes  11.6 Kbits/sec  1  
[  6] 300.13-304.42 sec  9.90 KBytes  18.9 Kbits/sec  7  
[  6] 304.42-306.53 sec  22.6 KBytes  87.8 Kbits/sec  16  
[  6] 306.53-309.40 sec  12.7 KBytes  36.4 Kbits/sec  9  
[  6] 309.40-316.55 sec  19.8 KBytes  22.7 Kbits/sec  14  
[  6] 316.55-317.00 sec  43.8 KBytes   793 Kbits/sec  30  
[  6] 317.00-322.06 sec  0.00 Bytes  0.00 bits/sec  1  
[  6] 322.06-322.06 sec  31.1 KBytes  55.5 Mbits/sec  21  
[  6] 322.06-324.68 sec  1.41 KBytes  4.43 Kbits/sec  2  
[  6] 324.68-326.55 sec  15.6 KBytes  68.2 Kbits/sec  11  
[  6] 326.55-327.00 sec  11.3 KBytes   205 Kbits/sec  8  
[  6] 327.00-329.24 sec  1.41 KBytes  5.18 Kbits/sec  1  
[  6] 329.24-330.46 sec  14.1 KBytes  94.6 Kbits/sec  10  
[  6] 330.46-331.00 sec  9.90 KBytes   149 Kbits/sec  6  
[  6] 331.00-332.30 sec  1.41 KBytes  8.90 Kbits/sec  2  
[  6] 332.30-333.00 sec  11.3 KBytes   133 Kbits/sec  7  
[  6] 333.00-336.57 sec  2.83 KBytes  6.49 Kbits/sec  3  
[  6] 336.57-343.34 sec  19.8 KBytes  24.0 Kbits/sec  14  
[  6] 343.34-345.20 sec  42.4 KBytes   187 Kbits/sec  30  
[  6] 345.20-346.58 sec  9.90 KBytes  58.7 Kbits/sec  7  
[  6] 346.58-347.00 sec  9.90 KBytes   191 Kbits/sec  6  
[  6] 347.00-348.65 sec  5.66 KBytes  28.2 Kbits/sec  5  
[  6] 348.65-349.77 sec  5.66 KBytes  41.1 Kbits/sec  4  
[  6] 349.77-350.01 sec  7.07 KBytes   247 Kbits/sec  4  
[  6] 350.01-351.64 sec  4.24 KBytes  21.3 Kbits/sec  4  
[  6] 351.64-352.01 sec  8.48 KBytes   187 Kbits/sec  5  
[  6] 352.01-353.77 sec  1.41 KBytes  6.57 Kbits/sec  2  
[  6] 353.77-354.00 sec  9.90 KBytes   349 Kbits/sec  6  
[  6] 354.00-355.00 sec  7.07 KBytes  57.9 Kbits/sec  5  
[  6] 355.00-356.27 sec  5.66 KBytes  36.5 Kbits/sec  5  
[  6] 356.27-357.01 sec  5.66 KBytes  62.9 Kbits/sec  3  
[  6] 357.01-358.00 sec  7.07 KBytes  58.3 Kbits/sec  5  
[  6] 358.00-359.40 sec  5.66 KBytes  33.1 Kbits/sec  5  
[  6] 359.40-360.27 sec  4.24 KBytes  40.3 Kbits/sec  3  
[  6] 360.27-361.77 sec  5.66 KBytes  30.8 Kbits/sec  4  
[  6] 361.77-362.63 sec  8.48 KBytes  80.4 Kbits/sec  6  
[  6] 362.63-363.17 sec  4.24 KBytes  64.9 Kbits/sec  3  
[  6] 363.17-364.41 sec  7.07 KBytes  46.8 Kbits/sec  5  
[  6] 364.41-365.33 sec  7.07 KBytes  62.8 Kbits/sec  5  
[  6] 365.33-366.08 sec  2.83 KBytes  30.9 Kbits/sec  2  
[  6] 366.08-367.81 sec  8.48 KBytes  40.1 Kbits/sec  6  
[  6] 367.81-368.58 sec  7.07 KBytes  75.1 Kbits/sec  5  
[  6] 368.58-369.34 sec  5.66 KBytes  61.5 Kbits/sec  4  
[  6] 369.34-370.16 sec  2.83 KBytes  28.3 Kbits/sec  2  
[  6] 370.16-371.15 sec  8.48 KBytes  69.7 Kbits/sec  5  
[  6] 371.15-372.00 sec  7.07 KBytes  68.4 Kbits/sec  5  
[  6] 372.00-373.17 sec  5.66 KBytes  39.5 Kbits/sec  5  
[  6] 373.17-374.13 sec  5.66 KBytes  48.3 Kbits/sec  4  
[  6] 374.13-375.02 sec  2.83 KBytes  26.2 Kbits/sec  2  
[  6] 375.02-376.00 sec  9.90 KBytes  82.4 Kbits/sec  6  
[  6] 376.00-377.00 sec  7.07 KBytes  57.9 Kbits/sec  5  
[  6] 377.00-378.00 sec  5.66 KBytes  46.3 Kbits/sec  4  
[  6] 378.00-379.00 sec  5.66 KBytes  46.4 Kbits/sec  4  
[  6] 379.00-381.85 sec  5.66 KBytes  16.3 Kbits/sec  5  
[  6] 381.85-381.85 sec  12.7 KBytes   119 Mbits/sec  8  
[  6] 381.85-382.01 sec  0.00 Bytes  0.00 bits/sec  0  
[  6] 382.01-383.00 sec  7.07 KBytes  58.2 Kbits/sec  5  
[  6] 383.00-384.49 sec  5.66 KBytes  31.1 Kbits/sec  5  
[  6] 384.49-385.01 sec  5.66 KBytes  89.7 Kbits/sec  3  
[  6] 385.01-386.00 sec  7.07 KBytes  58.4 Kbits/sec  5  
[  6] 386.00-387.00 sec  5.66 KBytes  46.3 Kbits/sec  4  
[  6] 387.00-388.00 sec  5.66 KBytes  46.3 Kbits/sec  4  
[  6] 388.00-389.00 sec  7.07 KBytes  57.9 Kbits/sec  5  
[  6] 389.00-390.00 sec  5.66 KBytes  46.4 Kbits/sec  4  
[  6] 390.00-391.00 sec  5.66 KBytes  46.3 Kbits/sec  4  
[  6] 391.00-392.00 sec  5.66 KBytes  46.3 Kbits/sec  4  
[  6] 392.00-393.00 sec  7.07 KBytes  57.9 Kbits/sec  5  
[  6] 393.00-394.00 sec  5.66 KBytes  46.3 Kbits/sec  4  
[  6] 394.00-395.77 sec  1.41 KBytes  6.53 Kbits/sec  2  
[  6] 395.77-396.01 sec  11.3 KBytes   400 Kbits/sec  7  
[  6] 396.01-397.27 sec  4.24 KBytes  27.4 Kbits/sec  4  
[  6] 397.27-399.71 sec  2.83 KBytes  9.51 Kbits/sec  2  
[  6] 399.71-400.00 sec  17.0 KBytes   474 Kbits/sec  11  
[  6] 400.00-406.65 sec  1.41 KBytes  1.74 Kbits/sec  2  
[  6] 406.65-407.00 sec  41.0 KBytes   960 Kbits/sec  28  
[  6] 407.00-413.50 sec  1.41 KBytes  1.78 Kbits/sec  2  
[  6] 413.50-416.66 sec  41.0 KBytes   106 Kbits/sec  29  
[  6] 416.66-417.00 sec  18.4 KBytes   443 Kbits/sec  12  
[  6] 417.00-421.46 sec  1.41 KBytes  2.60 Kbits/sec  2  
[  6] 421.46-422.01 sec  29.7 KBytes   442 Kbits/sec  20  
[  6] 422.01-426.32 sec  0.00 Bytes  0.00 bits/sec  1  
[  6] 426.32-431.14 sec  28.3 KBytes  48.0 Kbits/sec  19  
[  6] 431.14-434.34 sec  32.5 KBytes  83.4 Kbits/sec  24  
[  6] 434.34-435.00 sec  18.4 KBytes   228 Kbits/sec  12  
[  6] 435.00-436.69 sec  0.00 Bytes  0.00 bits/sec  1  
[  6] 436.69-440.10 sec  12.7 KBytes  30.6 Kbits/sec  9  
[  6] 440.10-441.01 sec  24.0 KBytes   216 Kbits/sec  16  
[  6] 441.01-442.18 sec  4.24 KBytes  29.7 Kbits/sec  4  
[  6] 442.18-443.83 sec  4.24 KBytes  21.1 Kbits/sec  3  
[  6] 443.83-444.00 sec  9.90 KBytes   470 Kbits/sec  6  
[  6] 444.00-445.63 sec  5.66 KBytes  28.4 Kbits/sec  5  
[  6] 445.63-446.01 sec  7.07 KBytes   154 Kbits/sec  4  
[  6] 446.01-447.01 sec  5.66 KBytes  46.5 Kbits/sec  4  
[  6] 447.01-450.50 sec  0.00 Bytes  0.00 bits/sec  1  
[  6] 450.50-451.01 sec  24.0 KBytes   385 Kbits/sec  16  
[  6] 451.01-454.14 sec  5.66 KBytes  14.8 Kbits/sec  5  
[  6] 454.14-456.71 sec  15.6 KBytes  49.6 Kbits/sec  11  
[  6] 456.71-457.28 sec  14.1 KBytes   204 Kbits/sec  10  
[  6] 457.28-458.00 sec  7.07 KBytes  79.7 Kbits/sec  4  
[  6] 458.00-459.83 sec  5.66 KBytes  25.4 Kbits/sec  4  
[  6] 459.83-460.01 sec  7.07 KBytes   324 Kbits/sec  5  
[  6] 460.01-461.64 sec  5.66 KBytes  28.4 Kbits/sec  5  
[  6] 461.64-462.15 sec  5.66 KBytes  91.3 Kbits/sec  4  
[  6] 462.15-463.83 sec  5.66 KBytes  27.5 Kbits/sec  3  
[  6] 463.83-464.00 sec  7.07 KBytes   335 Kbits/sec  5  
[  6] 464.00-466.72 sec  0.00 Bytes  0.00 bits/sec  1  
[  6] 466.72-467.01 sec  18.4 KBytes   520 Kbits/sec  12  
[  6] 467.01-468.74 sec  1.41 KBytes  6.68 Kbits/sec  2  
[  6] 468.74-469.00 sec  11.3 KBytes   358 Kbits/sec  7  
[  6] 469.00-470.63 sec  4.24 KBytes  21.4 Kbits/sec  4  
[  6] 470.63-474.63 sec  7.07 KBytes  14.5 Kbits/sec  5  
[  6] 474.63-475.52 sec  24.0 KBytes   220 Kbits/sec  17  
[  6] 475.52-476.27 sec  4.24 KBytes  46.2 Kbits/sec  2  
[  6] 476.27-477.16 sec  8.48 KBytes  78.5 Kbits/sec  7  
[  6] 477.16-478.14 sec  4.24 KBytes  35.5 Kbits/sec  3  
[  6] 478.14-479.13 sec  4.24 KBytes  35.2 Kbits/sec  3  
[  6] 479.13-480.17 sec  5.66 KBytes  44.2 Kbits/sec  4  
[  6] 480.17-481.12 sec  7.07 KBytes  61.0 Kbits/sec  5  
[  6] 481.12-482.14 sec  4.24 KBytes  34.2 Kbits/sec  3  
[  6] 482.14-483.23 sec  8.48 KBytes  63.5 Kbits/sec  6  
[  6] 483.23-484.18 sec  5.66 KBytes  49.0 Kbits/sec  4  
[  6] 484.18-485.01 sec  9.90 KBytes  97.7 Kbits/sec  6  
[  6] 485.01-486.12 sec  0.00 Bytes  0.00 bits/sec  1  
[  6] 486.12-488.12 sec  11.3 KBytes  46.5 Kbits/sec  8  
[  6] 488.12-491.98 sec  8.48 KBytes  18.0 Kbits/sec  6  
[  6] 491.98-492.00 sec  22.6 KBytes  9.14 Mbits/sec  15  
[  6] 492.00-493.12 sec  2.83 KBytes  20.6 Kbits/sec  3  
[  6] 493.12-494.13 sec  4.24 KBytes  34.4 Kbits/sec  3  
[  6] 494.13-496.75 sec  7.07 KBytes  22.1 Kbits/sec  5  
[  6] 496.75-497.00 sec  17.0 KBytes   562 Kbits/sec  11  
[  6] 497.00-498.20 sec  1.41 KBytes  9.63 Kbits/sec  2  
[  6] 498.20-499.01 sec  9.90 KBytes   101 Kbits/sec  6  
[  6] 499.01-502.26 sec  5.66 KBytes  14.2 Kbits/sec  5  
[  6] 502.26-503.67 sec  18.4 KBytes   107 Kbits/sec  13  
[  6] 503.67-504.56 sec  5.66 KBytes  52.3 Kbits/sec  4  
[  6] 504.56-505.00 sec  7.07 KBytes   131 Kbits/sec  4  
[  6] 505.00-506.77 sec  5.66 KBytes  26.3 Kbits/sec  5  
[  6] 506.77-507.83 sec  7.07 KBytes  54.6 Kbits/sec  5  
[  6] 507.83-508.01 sec  5.66 KBytes   259 Kbits/sec  3  
[  6] 508.01-509.00 sec  5.66 KBytes  46.6 Kbits/sec  4  
[  6] 509.00-510.83 sec  7.07 KBytes  31.6 Kbits/sec  6  
[  6] 510.83-511.82 sec  5.66 KBytes  46.9 Kbits/sec  3  
[  6] 511.82-512.01 sec  5.66 KBytes   252 Kbits/sec  4  
[  6] 512.01-513.38 sec  1.41 KBytes  8.45 Kbits/sec  2  
[  6] 513.38-516.77 sec  8.48 KBytes  20.5 Kbits/sec  6  
[  6] 516.77-517.01 sec  21.2 KBytes   741 Kbits/sec  14  
[  6] 517.01-518.60 sec  5.66 KBytes  29.1 Kbits/sec  5  
[  6] 518.60-519.60 sec  4.24 KBytes  34.6 Kbits/sec  3  
[  6] 519.60-523.40 sec  7.07 KBytes  15.2 Kbits/sec  5  
[  6] 523.40-526.79 sec  25.5 KBytes  61.5 Kbits/sec  18  
[  6] 526.79-527.00 sec  18.4 KBytes   725 Kbits/sec  12  
[  6] 527.00-530.66 sec  1.41 KBytes  3.17 Kbits/sec  2  
[  6] 530.66-531.01 sec  22.6 KBytes   537 Kbits/sec  15  
[  6] 531.01-533.21 sec  1.41 KBytes  5.26 Kbits/sec  2  
[  6] 533.21-534.05 sec  15.6 KBytes   151 Kbits/sec  11  
[  6] 534.05-535.00 sec  8.48 KBytes  73.1 Kbits/sec  5  
[  6] 535.00-536.79 sec  5.66 KBytes  25.9 Kbits/sec  5  
[  6] 536.79-542.37 sec  5.66 KBytes  8.31 Kbits/sec  4  
[  6] 542.37-545.66 sec  35.4 KBytes  88.2 Kbits/sec  25  
[  6] 545.66-546.81 sec  19.8 KBytes   141 Kbits/sec  13  
[  6] 546.81-547.00 sec  5.66 KBytes   239 Kbits/sec  5  
[  6] 547.00-549.43 sec  2.83 KBytes  9.56 Kbits/sec  2  
[  6] 549.43-550.01 sec  15.6 KBytes   218 Kbits/sec  11  
[  6] 550.01-556.44 sec  1.41 KBytes  1.80 Kbits/sec  1  
[  6] 556.44-557.00 sec  42.4 KBytes   618 Kbits/sec  29  
[  6] 557.00-560.64 sec  0.00 Bytes  0.00 bits/sec  1  
[  6] 560.64-561.64 sec  24.0 KBytes   198 Kbits/sec  17  
[  6] 561.64-562.00 sec  5.66 KBytes   127 Kbits/sec  3  
[  6] 562.00-563.00 sec  7.07 KBytes  58.1 Kbits/sec  5  
[  6] 563.00-564.01 sec  5.66 KBytes  46.1 Kbits/sec  4  
[  6] 564.01-565.00 sec  5.66 KBytes  46.6 Kbits/sec  4  
[  6] 565.00-566.83 sec  7.07 KBytes  31.7 Kbits/sec  6  
[  6] 566.83-567.00 sec  5.66 KBytes   268 Kbits/sec  3  
[  6] 567.00-568.64 sec  5.66 KBytes  28.4 Kbits/sec  5  
[  6] 568.64-569.00 sec  5.66 KBytes   126 Kbits/sec  3  
[  6] 569.00-570.83 sec  5.66 KBytes  25.4 Kbits/sec  4  
[  6] 570.83-571.00 sec  7.07 KBytes   337 Kbits/sec  5  
[  6] 571.00-572.00 sec  5.66 KBytes  46.3 Kbits/sec  4  
[  6] 572.00-575.66 sec  4.24 KBytes  9.50 Kbits/sec  4  
[  6] 575.66-576.02 sec  19.8 KBytes   445 Kbits/sec  14  
[  6] 576.02-577.00 sec  7.07 KBytes  58.9 Kbits/sec  4  
[  6] 577.00-578.00 sec  5.66 KBytes  46.5 Kbits/sec  4  
[  6] 578.00-579.00 sec  7.07 KBytes  57.8 Kbits/sec  5  
[  6] 579.00-580.01 sec  5.66 KBytes  46.1 Kbits/sec  4  
[  6] 580.01-581.37 sec  1.41 KBytes  8.50 Kbits/sec  2  
[  6] 581.37-582.00 sec  11.3 KBytes   147 Kbits/sec  7  
[  6] 582.00-583.00 sec  5.66 KBytes  46.4 Kbits/sec  4  
[  6] 583.00-584.00 sec  5.66 KBytes  46.3 Kbits/sec  4  
[  6] 584.00-585.00 sec  7.07 KBytes  57.9 Kbits/sec  5  
[  6] 585.00-586.00 sec  5.66 KBytes  46.3 Kbits/sec  4  
[  6] 586.00-587.00 sec  5.66 KBytes  46.3 Kbits/sec  4  
[  6] 587.00-588.00 sec  5.66 KBytes  46.4 Kbits/sec  4  
[  6] 588.00-589.00 sec  7.07 KBytes  57.9 Kbits/sec  5  
[  6] 589.00-590.00 sec  5.66 KBytes  46.3 Kbits/sec  4  
[  6] 590.00-591.00 sec  5.66 KBytes  46.4 Kbits/sec  4  
[  6] 591.00-592.00 sec  7.07 KBytes  57.9 Kbits/sec  5  
[  6] 592.00-593.00 sec  5.66 KBytes  46.4 Kbits/sec  4  
[  6] 593.00-594.00 sec  5.66 KBytes  46.3 Kbits/sec  4  
[  6] 594.00-595.00 sec  7.07 KBytes  57.9 Kbits/sec  5  
[  6] 595.00-596.00 sec  5.66 KBytes  46.4 Kbits/sec  4  
[  6] 596.00-597.00 sec  5.66 KBytes  46.3 Kbits/sec  4  
[  6] 597.00-598.00 sec  7.07 KBytes  57.9 Kbits/sec  5  
[  6] 598.00-599.00 sec  5.66 KBytes  46.4 Kbits/sec  4  
[  6] 599.00-600.00 sec  5.66 KBytes  46.2 Kbits/sec  4  
- - - - - - - - - - - - - - - - - - - - - - - - -
[ ID] Interval           Transfer     Bitrate         Jitter    Lost/Total Datagrams
[  6]   0.00-600.00 sec  3.58 MBytes  50.0 Kbits/sec  0.000 ms  0/2590 (0%)  sender
[  6]   0.00-600.00 sec  2.77 MBytes  38.7 Kbits/sec  0.270 ms  587/2590 (23%)  receiver

iperf Done.
Connecting to host 10.110.0.1, port 9000
[  6] local 10.110.0.2 port 34908 connected to 10.110.0.1 port 9000
[ ID] Interval           Transfer     Bitrate         Total Datagrams
[  6]   0.00-1.00   sec  4.24 KBytes  34.7 Kbits/sec  3  
[  6]   1.00-2.00   sec  4.24 KBytes  34.8 Kbits/sec  3  
[  6]   2.00-3.00   sec  2.83 KBytes  23.2 Kbits/sec  2  
[  6]   3.00-4.00   sec  4.24 KBytes  34.8 Kbits/sec  3  
[  6]   4.00-7.96   sec  2.83 KBytes  5.85 Kbits/sec  3  
[  6]   7.96-8.00   sec  11.3 KBytes  2.25 Mbits/sec  7  
[  6]   8.00-13.30  sec  2.83 KBytes  4.37 Kbits/sec  3  
[  6]  13.30-14.00  sec  19.8 KBytes   232 Kbits/sec  13  
[  6]  14.00-15.00  sec  2.83 KBytes  23.2 Kbits/sec  2  
[  6]  15.00-16.00  sec  4.24 KBytes  34.8 Kbits/sec  3  
[  6]  16.00-17.00  sec  4.24 KBytes  34.7 Kbits/sec  3  
[  6]  17.00-18.00  sec  2.83 KBytes  23.2 Kbits/sec  2  
[  6]  18.00-19.00  sec  4.24 KBytes  34.7 Kbits/sec  3  
[  6]  19.00-20.00  sec  2.83 KBytes  23.2 Kbits/sec  2  
[  6]  20.00-21.00  sec  4.24 KBytes  34.7 Kbits/sec  3  
[  6]  21.00-22.00  sec  2.83 KBytes  23.2 Kbits/sec  2  
[  6]  22.00-23.00  sec  4.24 KBytes  34.7 Kbits/sec  3  
[  6]  23.00-24.24  sec  1.41 KBytes  9.36 Kbits/sec  2  
[  6]  24.24-25.00  sec  5.66 KBytes  60.8 Kbits/sec  3  
[  6]  25.00-26.00  sec  4.24 KBytes  34.8 Kbits/sec  3  
[  6]  26.00-27.00  sec  2.83 KBytes  23.2 Kbits/sec  2  
[  6]  27.00-28.00  sec  4.24 KBytes  34.7 Kbits/sec  3  
[  6]  28.00-29.00  sec  4.24 KBytes  34.7 Kbits/sec  3  
[  6]  29.00-30.46  sec  0.00 Bytes  0.00 bits/sec  1  
[  6]  30.46-31.00  sec  7.07 KBytes   108 Kbits/sec  4  
[  6]  31.00-32.00  sec  2.83 KBytes  23.2 Kbits/sec  2  
[  6]  32.00-33.00  sec  4.24 KBytes  34.8 Kbits/sec  3  
[  6]  33.00-34.00  sec  4.24 KBytes  34.7 Kbits/sec  3  
[  6]  34.00-35.00  sec  2.83 KBytes  23.2 Kbits/sec  2  
[  6]  35.00-36.00  sec  4.24 KBytes  34.8 Kbits/sec  3  
[  6]  36.00-37.00  sec  2.83 KBytes  23.2 Kbits/sec  2  
[  6]  37.00-38.00  sec  4.24 KBytes  34.8 Kbits/sec  3  
[  6]  38.00-39.00  sec  2.83 KBytes  23.2 Kbits/sec  2  
[  6]  39.00-40.00  sec  4.24 KBytes  34.8 Kbits/sec  3  
[  6]  40.00-41.00  sec  4.24 KBytes  34.7 Kbits/sec  3  
[  6]  41.00-42.00  sec  2.83 KBytes  23.2 Kbits/sec  2  
[  6]  42.00-43.00  sec  4.24 KBytes  34.8 Kbits/sec  3  
[  6]  43.00-44.00  sec  2.83 KBytes  23.2 Kbits/sec  2  
[  6]  44.00-47.26  sec  2.83 KBytes  7.12 Kbits/sec  2  
[  6]  47.26-48.00  sec  12.7 KBytes   140 Kbits/sec  9  
[  6]  48.00-49.00  sec  2.83 KBytes  23.2 Kbits/sec  2  
[  6]  49.00-50.00  sec  4.24 KBytes  34.8 Kbits/sec  3  
[  6]  50.00-51.00  sec  4.24 KBytes  34.7 Kbits/sec  3  
[  6]  51.00-52.00  sec  2.83 KBytes  23.2 Kbits/sec  2  
[  6]  52.00-53.00  sec  4.24 KBytes  34.8 Kbits/sec  3  
[  6]  53.00-54.00  sec  2.83 KBytes  23.2 Kbits/sec  2  
[  6]  54.00-55.00  sec  4.24 KBytes  34.7 Kbits/sec  3  
[  6]  55.00-56.00  sec  4.24 KBytes  34.7 Kbits/sec  3  
[  6]  56.00-57.00  sec  2.83 KBytes  23.2 Kbits/sec  2  
[  6]  57.00-58.00  sec  4.24 KBytes  34.8 Kbits/sec  3  
[  6]  58.00-59.00  sec  2.83 KBytes  23.2 Kbits/sec  2  
[  6]  59.00-60.00  sec  4.24 KBytes  34.8 Kbits/sec  3  
[  6]  60.00-61.00  sec  2.83 KBytes  23.2 Kbits/sec  2  
[  6]  61.00-62.00  sec  4.24 KBytes  34.7 Kbits/sec  3  
[  6]  62.00-63.00  sec  4.24 KBytes  34.8 Kbits/sec  3  
[  6]  63.00-64.00  sec  2.83 KBytes  23.2 Kbits/sec  2  
[  6]  64.00-65.00  sec  4.24 KBytes  34.8 Kbits/sec  3  
[  6]  65.00-66.00  sec  2.83 KBytes  23.2 Kbits/sec  2  
[  6]  66.00-67.00  sec  4.24 KBytes  34.7 Kbits/sec  3  
[  6]  67.00-68.00  sec  4.24 KBytes  34.8 Kbits/sec  3  
[  6]  68.00-69.00  sec  2.83 KBytes  23.2 Kbits/sec  2  
[  6]  69.00-70.00  sec  4.24 KBytes  34.8 Kbits/sec  3  
[  6]  70.00-71.00  sec  2.83 KBytes  23.2 Kbits/sec  2  
[  6]  71.00-72.00  sec  4.24 KBytes  34.7 Kbits/sec  3  
[  6]  72.00-73.00  sec  4.24 KBytes  34.7 Kbits/sec  3  
[  6]  73.00-74.00  sec  2.83 KBytes  23.2 Kbits/sec  2  
[  6]  74.00-75.00  sec  4.24 KBytes  34.8 Kbits/sec  3  
[  6]  75.00-76.00  sec  2.83 KBytes  23.2 Kbits/sec  2  
[  6]  76.00-77.00  sec  4.24 KBytes  34.8 Kbits/sec  3  
[  6]  77.00-78.00  sec  4.24 KBytes  34.7 Kbits/sec  3  
[  6]  78.00-79.00  sec  2.83 KBytes  23.2 Kbits/sec  2  
[  6]  79.00-80.00  sec  4.24 KBytes  34.7 Kbits/sec  3  
[  6]  80.00-81.00  sec  2.83 KBytes  23.2 Kbits/sec  2  
[  6]  81.00-82.00  sec  4.24 KBytes  34.7 Kbits/sec  3  
[  6]  82.00-83.00  sec  2.83 KBytes  23.2 Kbits/sec  2  
[  6]  83.00-84.00  sec  4.24 KBytes  34.8 Kbits/sec  3  
[  6]  84.00-85.00  sec  4.24 KBytes  34.7 Kbits/sec  3  
[  6]  85.00-86.00  sec  2.83 KBytes  23.2 Kbits/sec  2  
[  6]  86.00-87.00  sec  4.24 KBytes  34.7 Kbits/sec  3  
[  6]  87.00-88.00  sec  2.83 KBytes  23.2 Kbits/sec  2  
[  6]  88.00-89.00  sec  4.24 KBytes  34.8 Kbits/sec  3  
[  6]  89.00-90.00  sec  4.24 KBytes  34.8 Kbits/sec  3  
[  6]  90.00-91.00  sec  2.83 KBytes  23.2 Kbits/sec  2  
[  6]  91.00-92.00  sec  4.24 KBytes  34.8 Kbits/sec  3  
[  6]  92.00-93.00  sec  2.83 KBytes  23.1 Kbits/sec  2  
[  6]  93.00-94.00  sec  4.24 KBytes  34.8 Kbits/sec  3  
[  6]  94.00-95.00  sec  4.24 KBytes  34.7 Kbits/sec  3  
[  6]  95.00-96.00  sec  2.83 KBytes  23.2 Kbits/sec  2  
[  6]  96.00-97.00  sec  4.24 KBytes  34.8 Kbits/sec  3  
[  6]  97.00-98.00  sec  2.83 KBytes  23.2 Kbits/sec  2  
[  6]  98.00-99.00  sec  4.24 KBytes  34.8 Kbits/sec  3  
[  6]  99.00-100.00 sec  2.83 KBytes  23.2 Kbits/sec  2  
[  6] 100.00-101.00 sec  4.24 KBytes  34.8 Kbits/sec  3  
[  6] 101.00-102.43 sec  1.41 KBytes  8.10 Kbits/sec  1  
[  6] 102.43-103.00 sec  5.66 KBytes  81.4 Kbits/sec  4  
[  6] 103.00-104.05 sec  1.41 KBytes  11.1 Kbits/sec  2  
[  6] 104.05-105.27 sec  4.24 KBytes  28.4 Kbits/sec  3  
[  6] 105.27-106.00 sec  5.66 KBytes  63.3 Kbits/sec  3  
[  6] 106.00-107.00 sec  4.24 KBytes  34.7 Kbits/sec  3  
[  6] 107.00-108.00 sec  2.83 KBytes  23.2 Kbits/sec  2  
[  6] 108.00-109.00 sec  4.24 KBytes  34.7 Kbits/sec  3  
[  6] 109.00-110.00 sec  2.83 KBytes  23.2 Kbits/sec  2  
[  6] 110.00-111.00 sec  4.24 KBytes  34.8 Kbits/sec  3  
[  6] 111.00-113.42 sec  1.41 KBytes  4.79 Kbits/sec  2  
[  6] 113.42-114.00 sec  9.90 KBytes   139 Kbits/sec  6  
[  6] 114.00-115.00 sec  2.83 KBytes  23.2 Kbits/sec  2  
[  6] 115.00-116.00 sec  4.24 KBytes  34.8 Kbits/sec  3  
[  6] 116.00-117.00 sec  4.24 KBytes  34.7 Kbits/sec  3  
[  6] 117.00-118.00 sec  2.83 KBytes  23.2 Kbits/sec  2  
[  6] 118.00-119.00 sec  4.24 KBytes  34.8 Kbits/sec  3  
[  6] 119.00-120.00 sec  2.83 KBytes  23.2 Kbits/sec  2  
[  6] 120.00-121.00 sec  4.24 KBytes  34.7 Kbits/sec  3  
[  6] 121.00-122.00 sec  2.83 KBytes  23.2 Kbits/sec  2  
[  6] 122.00-123.00 sec  4.24 KBytes  34.8 Kbits/sec  3  
[  6] 123.00-124.00 sec  4.24 KBytes  34.7 Kbits/sec  3  
[  6] 124.00-125.00 sec  2.83 KBytes  23.2 Kbits/sec  2  
[  6] 125.00-126.00 sec  4.24 KBytes  34.8 Kbits/sec  3  
[  6] 126.00-127.00 sec  2.83 KBytes  23.2 Kbits/sec  2  
[  6] 127.00-128.00 sec  4.24 KBytes  34.7 Kbits/sec  3  
[  6] 128.00-129.00 sec  4.24 KBytes  34.8 Kbits/sec  3  
[  6] 129.00-130.00 sec  2.83 KBytes  23.1 Kbits/sec  2  
[  6] 130.00-131.00 sec  4.24 KBytes  34.8 Kbits/sec  3  
[  6] 131.00-132.00 sec  2.83 KBytes  23.2 Kbits/sec  2  
[  6] 132.00-133.00 sec  4.24 KBytes  34.8 Kbits/sec  3  
[  6] 133.00-134.00 sec  4.24 KBytes  34.8 Kbits/sec  3  
[  6] 134.00-135.00 sec  2.83 KBytes  23.2 Kbits/sec  2  
[  6] 135.00-136.00 sec  4.24 KBytes  34.8 Kbits/sec  3  
[  6] 136.00-137.00 sec  2.83 KBytes  23.2 Kbits/sec  2  
[  6] 137.00-138.00 sec  4.24 KBytes  34.8 Kbits/sec  3  
[  6] 138.00-139.00 sec  2.83 KBytes  23.2 Kbits/sec  2  
[  6] 139.00-140.00 sec  4.24 KBytes  34.8 Kbits/sec  3  
[  6] 140.00-141.00 sec  4.24 KBytes  34.8 Kbits/sec  3  
[  6] 141.00-142.00 sec  2.83 KBytes  23.2 Kbits/sec  2  
[  6] 142.00-143.00 sec  4.24 KBytes  34.7 Kbits/sec  3  
[  6] 143.00-144.00 sec  2.83 KBytes  23.2 Kbits/sec  2  
[  6] 144.00-145.00 sec  4.24 KBytes  34.8 Kbits/sec  3  
[  6] 145.00-146.00 sec  4.24 KBytes  34.7 Kbits/sec  3  
[  6] 146.00-147.00 sec  2.83 KBytes  23.2 Kbits/sec  2  
[  6] 147.00-148.00 sec  4.24 KBytes  34.7 Kbits/sec  3  
[  6] 148.00-149.00 sec  2.83 KBytes  23.2 Kbits/sec  2  
[  6] 149.00-150.00 sec  4.24 KBytes  34.7 Kbits/sec  3  
[  6] 150.00-151.00 sec  4.24 KBytes  34.8 Kbits/sec  3  
[  6] 151.00-152.00 sec  2.83 KBytes  23.2 Kbits/sec  2  
[  6] 152.00-153.00 sec  4.24 KBytes  34.8 Kbits/sec  3  
[  6] 153.00-154.00 sec  2.83 KBytes  23.2 Kbits/sec  2  
[  6] 154.00-155.00 sec  4.24 KBytes  34.8 Kbits/sec  3  
[  6] 155.00-156.00 sec  4.24 KBytes  34.8 Kbits/sec  3  
[  6] 156.00-157.00 sec  2.83 KBytes  23.2 Kbits/sec  2  
[  6] 157.00-158.00 sec  4.24 KBytes  34.8 Kbits/sec  3  
[  6] 158.00-159.00 sec  2.83 KBytes  23.2 Kbits/sec  2  
[  6] 159.00-160.00 sec  4.24 KBytes  34.8 Kbits/sec  3  
[  6] 160.00-161.00 sec  2.83 KBytes  23.2 Kbits/sec  2  
[  6] 161.00-162.00 sec  4.24 KBytes  34.8 Kbits/sec  3  
[  6] 162.00-163.00 sec  4.24 KBytes  34.7 Kbits/sec  3  
[  6] 163.00-164.00 sec  2.83 KBytes  23.2 Kbits/sec  2  
[  6] 164.00-165.00 sec  4.24 KBytes  34.7 Kbits/sec  3  
[  6] 165.00-166.00 sec  2.83 KBytes  23.2 Kbits/sec  2  
[  6] 166.00-167.00 sec  4.24 KBytes  34.7 Kbits/sec  3  
[  6] 167.00-168.00 sec  4.24 KBytes  34.8 Kbits/sec  3  
[  6] 168.00-169.00 sec  2.83 KBytes  23.1 Kbits/sec  2  
[  6] 169.00-170.00 sec  4.24 KBytes  34.8 Kbits/sec  3  
[  6] 170.00-171.00 sec  2.83 KBytes  23.2 Kbits/sec  2  
[  6] 171.00-172.00 sec  4.24 KBytes  34.7 Kbits/sec  3  
[  6] 172.00-173.00 sec  4.24 KBytes  34.8 Kbits/sec  3  
[  6] 173.00-174.00 sec  2.83 KBytes  23.2 Kbits/sec  2  
[  6] 174.00-175.00 sec  4.24 KBytes  34.7 Kbits/sec  3  
[  6] 175.00-176.00 sec  2.83 KBytes  23.2 Kbits/sec  2  
[  6] 176.00-177.00 sec  4.24 KBytes  34.7 Kbits/sec  3  
[  6] 177.00-178.00 sec  2.83 KBytes  23.2 Kbits/sec  2  
[  6] 178.00-179.00 sec  4.24 KBytes  34.8 Kbits/sec  3  
[  6] 179.00-180.00 sec  4.24 KBytes  34.8 Kbits/sec  3  
[  6] 180.00-181.00 sec  2.83 KBytes  23.2 Kbits/sec  2  
[  6] 181.00-182.00 sec  4.24 KBytes  34.8 Kbits/sec  3  
[  6] 182.00-183.00 sec  2.83 KBytes  23.2 Kbits/sec  2  
[  6] 183.00-184.00 sec  4.24 KBytes  34.8 Kbits/sec  3  
[  6] 184.00-185.00 sec  4.24 KBytes  34.8 Kbits/sec  3  
[  6] 185.00-186.00 sec  2.83 KBytes  23.2 Kbits/sec  2  
[  6] 186.00-187.00 sec  4.24 KBytes  34.7 Kbits/sec  3  
[  6] 187.00-188.00 sec  2.83 KBytes  23.2 Kbits/sec  2  
[  6] 188.00-189.00 sec  4.24 KBytes  34.8 Kbits/sec  3  
[  6] 189.00-190.00 sec  4.24 KBytes  34.8 Kbits/sec  3  
[  6] 190.00-191.00 sec  2.83 KBytes  23.2 Kbits/sec  2  
[  6] 191.00-192.00 sec  4.24 KBytes  34.8 Kbits/sec  3  
[  6] 192.00-193.00 sec  2.83 KBytes  23.2 Kbits/sec  2  
[  6] 193.00-194.00 sec  4.24 KBytes  34.8 Kbits/sec  3  
[  6] 194.00-195.00 sec  4.24 KBytes  34.7 Kbits/sec  3  
[  6] 195.00-196.00 sec  2.83 KBytes  23.2 Kbits/sec  2  
[  6] 196.00-197.00 sec  4.24 KBytes  34.8 Kbits/sec  3  
[  6] 197.00-198.00 sec  2.83 KBytes  23.2 Kbits/sec  2  
[  6] 198.00-199.00 sec  4.24 KBytes  34.8 Kbits/sec  3  
[  6] 199.00-200.00 sec  2.83 KBytes  23.2 Kbits/sec  2  
[  6] 200.00-201.00 sec  4.24 KBytes  34.8 Kbits/sec  3  
[  6] 201.00-202.00 sec  4.24 KBytes  34.8 Kbits/sec  3  
[  6] 202.00-203.00 sec  2.83 KBytes  23.2 Kbits/sec  2  
[  6] 203.00-204.00 sec  4.24 KBytes  34.8 Kbits/sec  3  
[  6] 204.00-205.00 sec  2.83 KBytes  23.2 Kbits/sec  2  
[  6] 205.00-206.00 sec  4.24 KBytes  34.8 Kbits/sec  3  
[  6] 206.00-207.00 sec  4.24 KBytes  34.7 Kbits/sec  3  
[  6] 207.00-208.07 sec  2.83 KBytes  21.6 Kbits/sec  2  
[  6] 208.07-209.00 sec  4.24 KBytes  37.4 Kbits/sec  3  
[  6] 209.00-210.00 sec  2.83 KBytes  23.2 Kbits/sec  2  
[  6] 210.00-211.00 sec  4.24 KBytes  34.8 Kbits/sec  3  
[  6] 211.00-212.00 sec  4.24 KBytes  34.8 Kbits/sec  3  
[  6] 212.00-213.00 sec  2.83 KBytes  23.2 Kbits/sec  2  
[  6] 213.00-214.00 sec  4.24 KBytes  34.7 Kbits/sec  3  
[  6] 214.00-215.00 sec  2.83 KBytes  23.2 Kbits/sec  2  
[  6] 215.00-216.00 sec  4.24 KBytes  34.8 Kbits/sec  3  
[  6] 216.00-217.00 sec  2.83 KBytes  23.2 Kbits/sec  2  
[  6] 217.00-218.00 sec  4.24 KBytes  34.8 Kbits/sec  3  
[  6] 218.00-219.00 sec  4.24 KBytes  34.8 Kbits/sec  3  
[  6] 219.00-220.00 sec  2.83 KBytes  23.1 Kbits/sec  2  
[  6] 220.00-221.00 sec  4.24 KBytes  34.8 Kbits/sec  3  
[  6] 221.00-222.00 sec  2.83 KBytes  23.2 Kbits/sec  2  
[  6] 222.00-223.00 sec  4.24 KBytes  34.8 Kbits/sec  3  
[  6] 223.00-224.00 sec  4.24 KBytes  34.8 Kbits/sec  3  
[  6] 224.00-225.00 sec  2.83 KBytes  23.2 Kbits/sec  2  
[  6] 225.00-226.00 sec  4.24 KBytes  34.7 Kbits/sec  3  
[  6] 226.00-227.00 sec  2.83 KBytes  23.2 Kbits/sec  2  
[  6] 227.00-228.00 sec  4.24 KBytes  34.7 Kbits/sec  3  
[  6] 228.00-229.00 sec  4.24 KBytes  34.8 Kbits/sec  3  
[  6] 229.00-230.00 sec  2.83 KBytes  23.2 Kbits/sec  2  
[  6] 230.00-231.00 sec  4.24 KBytes  34.7 Kbits/sec  3  
[  6] 231.00-232.00 sec  2.83 KBytes  23.2 Kbits/sec  2  
[  6] 232.00-233.00 sec  4.24 KBytes  34.8 Kbits/sec  3  
[  6] 233.00-234.00 sec  4.24 KBytes  34.7 Kbits/sec  3  
[  6] 234.00-235.00 sec  2.83 KBytes  23.2 Kbits/sec  2  
[  6] 235.00-236.00 sec  4.24 KBytes  34.8 Kbits/sec  3  
[  6] 236.00-237.00 sec  2.83 KBytes  23.2 Kbits/sec  2  
[  6] 237.00-238.00 sec  4.24 KBytes  34.7 Kbits/sec  3  
[  6] 238.00-239.00 sec  2.83 KBytes  23.2 Kbits/sec  2  
[  6] 239.00-240.00 sec  4.24 KBytes  34.7 Kbits/sec  3  
[  6] 240.00-241.00 sec  4.24 KBytes  34.8 Kbits/sec  3  
[  6] 241.00-242.00 sec  2.83 KBytes  23.2 Kbits/sec  2  
[  6] 242.00-243.00 sec  4.24 KBytes  34.7 Kbits/sec  3  
[  6] 243.00-244.00 sec  2.83 KBytes  23.2 Kbits/sec  2  
[  6] 244.00-245.00 sec  4.24 KBytes  34.8 Kbits/sec  3  
[  6] 245.00-246.00 sec  4.24 KBytes  34.8 Kbits/sec  3  
[  6] 246.00-247.00 sec  2.83 KBytes  23.2 Kbits/sec  2  
[  6] 247.00-248.00 sec  4.24 KBytes  34.8 Kbits/sec  3  
[  6] 248.00-249.00 sec  2.83 KBytes  23.2 Kbits/sec  2  
[  6] 249.00-250.00 sec  4.24 KBytes  34.7 Kbits/sec  3  
[  6] 250.00-251.00 sec  4.24 KBytes  34.8 Kbits/sec  3  
[  6] 251.00-252.00 sec  2.83 KBytes  23.2 Kbits/sec  2  
[  6] 252.00-253.00 sec  4.24 KBytes  34.7 Kbits/sec  3  
[  6] 253.00-254.00 sec  2.83 KBytes  23.2 Kbits/sec  2  
[  6] 254.00-258.63 sec  2.83 KBytes  5.00 Kbits/sec  2  
[  6] 258.63-259.00 sec  15.6 KBytes   348 Kbits/sec  11  
[  6] 259.00-260.00 sec  4.24 KBytes  34.8 Kbits/sec  3  
[  6] 260.00-261.00 sec  2.83 KBytes  23.2 Kbits/sec  2  
[  6] 261.00-262.00 sec  4.24 KBytes  34.8 Kbits/sec  3  
[  6] 262.00-263.00 sec  4.24 KBytes  34.8 Kbits/sec  3  
[  6] 263.00-264.00 sec  2.83 KBytes  23.2 Kbits/sec  2  
[  6] 264.00-265.00 sec  4.24 KBytes  34.8 Kbits/sec  3  
[  6] 265.00-266.00 sec  2.83 KBytes  23.2 Kbits/sec  2  
[  6] 266.00-267.00 sec  4.24 KBytes  34.7 Kbits/sec  3  
[  6] 267.00-268.00 sec  4.24 KBytes  34.8 Kbits/sec  3  
[  6] 268.00-269.00 sec  2.83 KBytes  23.2 Kbits/sec  2  
[  6] 269.00-270.00 sec  4.24 KBytes  34.7 Kbits/sec  3  
[  6] 270.00-271.00 sec  2.83 KBytes  23.2 Kbits/sec  2  
[  6] 271.00-272.00 sec  4.24 KBytes  34.8 Kbits/sec  3  
[  6] 272.00-273.00 sec  4.24 KBytes  34.7 Kbits/sec  3  
[  6] 273.00-274.00 sec  2.83 KBytes  23.2 Kbits/sec  2  
[  6] 274.00-275.00 sec  4.24 KBytes  34.7 Kbits/sec  3  
[  6] 275.00-276.00 sec  2.83 KBytes  23.2 Kbits/sec  2  
[  6] 276.00-277.00 sec  4.24 KBytes  34.8 Kbits/sec  3  
[  6] 277.00-278.00 sec  2.83 KBytes  23.2 Kbits/sec  2  
[  6] 278.00-279.00 sec  4.24 KBytes  34.7 Kbits/sec  3  
[  6] 279.00-280.00 sec  4.24 KBytes  34.8 Kbits/sec  3  
[  6] 280.00-281.00 sec  2.83 KBytes  23.2 Kbits/sec  2  
[  6] 281.00-282.00 sec  4.24 KBytes  34.8 Kbits/sec  3  
[  6] 282.00-283.00 sec  2.83 KBytes  23.2 Kbits/sec  2  
[  6] 283.00-284.00 sec  4.24 KBytes  34.8 Kbits/sec  3  
[  6] 284.00-285.00 sec  4.24 KBytes  34.7 Kbits/sec  3  
[  6] 285.00-286.00 sec  2.83 KBytes  23.2 Kbits/sec  2  
[  6] 286.00-287.00 sec  4.24 KBytes  34.8 Kbits/sec  3  
[  6] 287.00-288.00 sec  2.83 KBytes  23.2 Kbits/sec  2  
[  6] 288.00-289.00 sec  4.24 KBytes  34.8 Kbits/sec  3  
[  6] 289.00-290.00 sec  4.24 KBytes  34.7 Kbits/sec  3  
[  6] 290.00-291.00 sec  2.83 KBytes  23.2 Kbits/sec  2  
[  6] 291.00-292.00 sec  4.24 KBytes  34.8 Kbits/sec  3  
[  6] 292.00-293.00 sec  2.83 KBytes  23.2 Kbits/sec  2  
[  6] 293.00-294.00 sec  4.24 KBytes  34.7 Kbits/sec  3  
[  6] 294.00-295.00 sec  2.83 KBytes  23.2 Kbits/sec  2  
[  6] 295.00-296.00 sec  4.24 KBytes  34.7 Kbits/sec  3  
[  6] 296.00-297.00 sec  4.24 KBytes  34.7 Kbits/sec  3  
[  6] 297.00-298.00 sec  2.83 KBytes  23.2 Kbits/sec  2  
[  6] 298.00-299.00 sec  4.24 KBytes  34.8 Kbits/sec  3  
[  6] 299.00-300.00 sec  2.83 KBytes  23.2 Kbits/sec  2  
[  6] 300.00-301.00 sec  4.24 KBytes  34.7 Kbits/sec  3  
[  6] 301.00-302.00 sec  4.24 KBytes  34.8 Kbits/sec  3  
[  6] 302.00-303.00 sec  2.83 KBytes  23.2 Kbits/sec  2  
[  6] 303.00-304.00 sec  4.24 KBytes  34.7 Kbits/sec  3  
[  6] 304.00-305.00 sec  2.83 KBytes  23.2 Kbits/sec  2  
[  6] 305.00-306.00 sec  4.24 KBytes  34.8 Kbits/sec  3  
[  6] 306.00-307.00 sec  4.24 KBytes  34.7 Kbits/sec  3  
[  6] 307.00-308.01 sec  2.83 KBytes  23.0 Kbits/sec  2  
[  6] 308.01-309.04 sec  1.41 KBytes  11.3 Kbits/sec  2  
[  6] 309.04-310.00 sec  5.66 KBytes  48.0 Kbits/sec  3  
[  6] 310.00-311.00 sec  4.24 KBytes  34.8 Kbits/sec  3  
[  6] 311.00-312.00 sec  4.24 KBytes  34.8 Kbits/sec  3  
[  6] 312.00-313.00 sec  2.83 KBytes  23.2 Kbits/sec  2  
[  6] 313.00-314.00 sec  4.24 KBytes  34.8 Kbits/sec  3  
[  6] 314.00-315.00 sec  2.83 KBytes  23.2 Kbits/sec  2  
[  6] 315.00-316.00 sec  4.24 KBytes  34.8 Kbits/sec  3  
[  6] 316.00-317.00 sec  2.83 KBytes  23.2 Kbits/sec  2  
[  6] 317.00-318.00 sec  4.24 KBytes  34.7 Kbits/sec  3  
[  6] 318.00-319.00 sec  4.24 KBytes  34.8 Kbits/sec  3  
[  6] 319.00-320.00 sec  2.83 KBytes  23.2 Kbits/sec  2  
[  6] 320.00-321.00 sec  4.24 KBytes  34.7 Kbits/sec  3  
[  6] 321.00-322.00 sec  2.83 KBytes  23.2 Kbits/sec  2  
[  6] 322.00-323.00 sec  4.24 KBytes  34.8 Kbits/sec  3  
[  6] 323.00-324.00 sec  4.24 KBytes  34.7 Kbits/sec  3  
[  6] 324.00-325.00 sec  2.83 KBytes  23.2 Kbits/sec  2  
[  6] 325.00-326.00 sec  4.24 KBytes  34.8 Kbits/sec  3  
[  6] 326.00-327.00 sec  2.83 KBytes  23.2 Kbits/sec  2  
[  6] 327.00-328.00 sec  4.24 KBytes  34.8 Kbits/sec  3  
[  6] 328.00-329.00 sec  4.24 KBytes  34.8 Kbits/sec  3  
[  6] 329.00-330.00 sec  2.83 KBytes  23.2 Kbits/sec  2  
[  6] 330.00-331.00 sec  4.24 KBytes  34.7 Kbits/sec  3  
[  6] 331.00-332.00 sec  2.83 KBytes  23.2 Kbits/sec  2  
[  6] 332.00-333.00 sec  4.24 KBytes  34.8 Kbits/sec  3  
[  6] 333.00-334.00 sec  2.83 KBytes  23.2 Kbits/sec  2  
[  6] 334.00-335.00 sec  4.24 KBytes  34.8 Kbits/sec  3  
[  6] 335.00-336.00 sec  4.24 KBytes  34.8 Kbits/sec  3  
[  6] 336.00-337.00 sec  2.83 KBytes  23.2 Kbits/sec  2  
[  6] 337.00-338.00 sec  4.24 KBytes  34.8 Kbits/sec  3  
[  6] 338.00-339.00 sec  2.83 KBytes  23.2 Kbits/sec  2  
[  6] 339.00-340.00 sec  4.24 KBytes  34.7 Kbits/sec  3  
[  6] 340.00-341.00 sec  4.24 KBytes  34.8 Kbits/sec  3  
[  6] 341.00-342.00 sec  2.83 KBytes  23.2 Kbits/sec  2  
[  6] 342.00-343.00 sec  4.24 KBytes  34.8 Kbits/sec  3  
[  6] 343.00-344.00 sec  2.83 KBytes  23.2 Kbits/sec  2  
[  6] 344.00-345.00 sec  4.24 KBytes  34.8 Kbits/sec  3  
[  6] 345.00-346.00 sec  4.24 KBytes  34.8 Kbits/sec  3  
[  6] 346.00-347.00 sec  2.83 KBytes  23.1 Kbits/sec  2  
[  6] 347.00-348.00 sec  4.24 KBytes  34.8 Kbits/sec  3  
[  6] 348.00-349.00 sec  2.83 KBytes  23.2 Kbits/sec  2  
[  6] 349.00-350.00 sec  4.24 KBytes  34.8 Kbits/sec  3  
[  6] 350.00-351.00 sec  4.24 KBytes  34.8 Kbits/sec  3  
[  6] 351.00-352.00 sec  2.83 KBytes  23.2 Kbits/sec  2  
[  6] 352.00-353.00 sec  4.24 KBytes  34.8 Kbits/sec  3  
[  6] 353.00-354.00 sec  2.83 KBytes  23.2 Kbits/sec  2  
[  6] 354.00-355.00 sec  4.24 KBytes  34.8 Kbits/sec  3  
[  6] 355.00-356.00 sec  2.83 KBytes  23.2 Kbits/sec  2  
[  6] 356.00-357.00 sec  4.24 KBytes  34.7 Kbits/sec  3  
[  6] 357.00-358.00 sec  4.24 KBytes  34.8 Kbits/sec  3  
[  6] 358.00-359.00 sec  2.83 KBytes  23.2 Kbits/sec  2  
[  6] 359.00-360.00 sec  4.24 KBytes  34.7 Kbits/sec  3  
[  6] 360.00-361.00 sec  2.83 KBytes  23.2 Kbits/sec  2  
[  6] 361.00-362.00 sec  4.24 KBytes  34.7 Kbits/sec  3  
[  6] 362.00-363.00 sec  4.24 KBytes  34.8 Kbits/sec  3  
[  6] 363.00-364.00 sec  2.83 KBytes  23.2 Kbits/sec  2  
[  6] 364.00-365.00 sec  4.24 KBytes  34.8 Kbits/sec  3  
[  6] 365.00-366.00 sec  2.83 KBytes  23.2 Kbits/sec  2  
[  6] 366.00-367.00 sec  4.24 KBytes  34.7 Kbits/sec  3  
[  6] 367.00-368.11 sec  1.41 KBytes  10.5 Kbits/sec  2  
[  6] 368.11-369.00 sec  5.66 KBytes  51.8 Kbits/sec  3  
[  6] 369.00-370.00 sec  4.24 KBytes  34.7 Kbits/sec  3  
[  6] 370.00-371.00 sec  2.83 KBytes  23.2 Kbits/sec  2  
[  6] 371.00-372.00 sec  4.24 KBytes  34.8 Kbits/sec  3  
[  6] 372.00-373.00 sec  2.83 KBytes  23.2 Kbits/sec  2  
[  6] 373.00-374.00 sec  4.24 KBytes  34.7 Kbits/sec  3  
[  6] 374.00-375.00 sec  4.24 KBytes  34.8 Kbits/sec  3  
[  6] 375.00-376.00 sec  2.83 KBytes  23.2 Kbits/sec  2  
[  6] 376.00-377.00 sec  4.24 KBytes  34.7 Kbits/sec  3  
[  6] 377.00-378.00 sec  2.83 KBytes  23.2 Kbits/sec  2  
[  6] 378.00-379.00 sec  4.24 KBytes  34.8 Kbits/sec  3  
[  6] 379.00-380.00 sec  4.24 KBytes  34.7 Kbits/sec  3  
[  6] 380.00-381.00 sec  2.83 KBytes  23.2 Kbits/sec  2  
[  6] 381.00-382.00 sec  4.24 KBytes  34.8 Kbits/sec  3  
[  6] 382.00-383.00 sec  2.83 KBytes  23.2 Kbits/sec  2  
[  6] 383.00-384.00 sec  4.24 KBytes  34.8 Kbits/sec  3  
[  6] 384.00-385.00 sec  4.24 KBytes  34.7 Kbits/sec  3  
[  6] 385.00-386.00 sec  2.83 KBytes  23.2 Kbits/sec  2  
[  6] 386.00-387.00 sec  4.24 KBytes  34.7 Kbits/sec  3  
[  6] 387.00-388.00 sec  2.83 KBytes  23.2 Kbits/sec  2  
[  6] 388.00-389.00 sec  4.24 KBytes  34.8 Kbits/sec  3  
[  6] 389.00-390.00 sec  4.24 KBytes  34.8 Kbits/sec  3  
[  6] 390.00-391.00 sec  2.83 KBytes  23.2 Kbits/sec  2  
[  6] 391.00-392.00 sec  4.24 KBytes  34.8 Kbits/sec  3  
[  6] 392.00-393.00 sec  2.83 KBytes  23.1 Kbits/sec  2  
[  6] 393.00-394.00 sec  4.24 KBytes  34.8 Kbits/sec  3  
[  6] 394.00-395.00 sec  2.83 KBytes  23.2 Kbits/sec  2  
[  6] 395.00-396.00 sec  4.24 KBytes  34.7 Kbits/sec  3  
[  6] 396.00-397.00 sec  4.24 KBytes  34.7 Kbits/sec  3  
[  6] 397.00-398.00 sec  2.83 KBytes  23.2 Kbits/sec  2  
[  6] 398.00-399.00 sec  4.24 KBytes  34.7 Kbits/sec  3  
[  6] 399.00-400.00 sec  2.83 KBytes  23.2 Kbits/sec  2  
[  6] 400.00-401.00 sec  4.24 KBytes  34.8 Kbits/sec  3  
[  6] 401.00-402.00 sec  4.24 KBytes  34.7 Kbits/sec  3  
[  6] 402.00-403.00 sec  2.83 KBytes  23.2 Kbits/sec  2  
[  6] 403.00-404.00 sec  4.24 KBytes  34.7 Kbits/sec  3  
[  6] 404.00-405.00 sec  2.83 KBytes  23.2 Kbits/sec  2  
[  6] 405.00-406.00 sec  4.24 KBytes  34.8 Kbits/sec  3  
[  6] 406.00-407.00 sec  4.24 KBytes  34.8 Kbits/sec  3  
[  6] 407.00-408.00 sec  2.83 KBytes  23.2 Kbits/sec  2  
[  6] 408.00-409.00 sec  4.24 KBytes  34.8 Kbits/sec  3  
[  6] 409.00-410.00 sec  2.83 KBytes  23.2 Kbits/sec  2  
[  6] 410.00-411.00 sec  4.24 KBytes  34.8 Kbits/sec  3  
[  6] 411.00-412.00 sec  2.83 KBytes  23.2 Kbits/sec  2  
[  6] 412.00-413.00 sec  4.24 KBytes  34.8 Kbits/sec  3  
[  6] 413.00-414.00 sec  4.24 KBytes  34.8 Kbits/sec  3  
[  6] 414.00-415.00 sec  2.83 KBytes  23.2 Kbits/sec  2  
[  6] 415.00-416.00 sec  4.24 KBytes  34.7 Kbits/sec  3  
[  6] 416.00-417.05 sec  1.41 KBytes  11.1 Kbits/sec  1  
[  6] 417.05-418.00 sec  5.66 KBytes  48.5 Kbits/sec  4  
[  6] 418.00-419.06 sec  1.41 KBytes  11.0 Kbits/sec  2  
[  6] 419.06-420.00 sec  5.66 KBytes  49.0 Kbits/sec  3  
[  6] 420.00-421.05 sec  1.41 KBytes  11.0 Kbits/sec  2  
[  6] 421.05-425.26 sec  2.83 KBytes  5.52 Kbits/sec  2  
[  6] 425.26-426.00 sec  18.4 KBytes   202 Kbits/sec  12  
[  6] 426.00-427.00 sec  2.83 KBytes  23.2 Kbits/sec  2  
[  6] 427.00-428.00 sec  4.24 KBytes  34.8 Kbits/sec  3  
[  6] 428.00-429.00 sec  4.24 KBytes  34.7 Kbits/sec  3  
[  6] 429.00-430.00 sec  2.83 KBytes  23.2 Kbits/sec  2  
[  6] 430.00-431.00 sec  4.24 KBytes  34.7 Kbits/sec  3  
[  6] 431.00-432.00 sec  2.83 KBytes  23.2 Kbits/sec  2  
[  6] 432.00-433.00 sec  4.24 KBytes  34.8 Kbits/sec  3  
[  6] 433.00-434.00 sec  2.83 KBytes  23.2 Kbits/sec  2  
[  6] 434.00-435.00 sec  4.24 KBytes  34.8 Kbits/sec  3  
[  6] 435.00-436.00 sec  4.24 KBytes  34.8 Kbits/sec  3  
[  6] 436.00-437.00 sec  2.83 KBytes  23.2 Kbits/sec  2  
[  6] 437.00-438.00 sec  4.24 KBytes  34.7 Kbits/sec  3  
[  6] 438.00-439.00 sec  2.83 KBytes  23.2 Kbits/sec  2  
[  6] 439.00-440.00 sec  4.24 KBytes  34.8 Kbits/sec  3  
[  6] 440.00-441.00 sec  4.24 KBytes  34.8 Kbits/sec  3  
[  6] 441.00-442.00 sec  2.83 KBytes  23.2 Kbits/sec  2  
[  6] 442.00-443.00 sec  4.24 KBytes  34.7 Kbits/sec  3  
[  6] 443.00-444.00 sec  2.83 KBytes  23.2 Kbits/sec  2  
[  6] 444.00-445.00 sec  4.24 KBytes  34.7 Kbits/sec  3  
[  6] 445.00-446.00 sec  4.24 KBytes  34.8 Kbits/sec  3  
[  6] 446.00-447.00 sec  2.83 KBytes  23.1 Kbits/sec  2  
[  6] 447.00-448.00 sec  4.24 KBytes  34.8 Kbits/sec  3  
[  6] 448.00-449.00 sec  2.83 KBytes  23.2 Kbits/sec  2  
[  6] 449.00-450.00 sec  4.24 KBytes  34.8 Kbits/sec  3  
[  6] 450.00-451.00 sec  2.83 KBytes  23.2 Kbits/sec  2  
[  6] 451.00-452.00 sec  4.24 KBytes  34.8 Kbits/sec  3  
[  6] 452.00-453.00 sec  4.24 KBytes  34.8 Kbits/sec  3  
[  6] 453.00-454.00 sec  2.83 KBytes  23.2 Kbits/sec  2  
[  6] 454.00-455.00 sec  4.24 KBytes  34.8 Kbits/sec  3  
[  6] 455.00-456.00 sec  2.83 KBytes  23.2 Kbits/sec  2  
[  6] 456.00-457.00 sec  4.24 KBytes  34.8 Kbits/sec  3  
[  6] 457.00-458.00 sec  4.24 KBytes  34.7 Kbits/sec  3  
[  6] 458.00-459.00 sec  2.83 KBytes  23.2 Kbits/sec  2  
[  6] 459.00-460.00 sec  4.24 KBytes  34.8 Kbits/sec  3  
[  6] 460.00-461.00 sec  2.83 KBytes  23.2 Kbits/sec  2  
[  6] 461.00-462.00 sec  4.24 KBytes  34.7 Kbits/sec  3  
[  6] 462.00-463.00 sec  4.24 KBytes  34.8 Kbits/sec  3  
[  6] 463.00-464.00 sec  2.83 KBytes  23.2 Kbits/sec  2  
[  6] 464.00-465.00 sec  4.24 KBytes  34.8 Kbits/sec  3  
[  6] 465.00-466.00 sec  2.83 KBytes  23.2 Kbits/sec  2  
[  6] 466.00-467.00 sec  4.24 KBytes  34.8 Kbits/sec  3  
[  6] 467.00-468.00 sec  4.24 KBytes  34.7 Kbits/sec  3  
[  6] 468.00-469.00 sec  2.83 KBytes  23.2 Kbits/sec  2  
[  6] 469.00-470.00 sec  4.24 KBytes  34.8 Kbits/sec  3  
[  6] 470.00-471.00 sec  2.83 KBytes  23.2 Kbits/sec  2  
[  6] 471.00-472.00 sec  4.24 KBytes  34.7 Kbits/sec  3  
[  6] 472.00-473.00 sec  2.83 KBytes  23.2 Kbits/sec  2  
[  6] 473.00-474.00 sec  4.24 KBytes  34.7 Kbits/sec  3  
[  6] 474.00-475.00 sec  4.24 KBytes  34.8 Kbits/sec  3  
[  6] 475.00-476.00 sec  2.83 KBytes  23.2 Kbits/sec  2  
[  6] 476.00-477.00 sec  4.24 KBytes  34.8 Kbits/sec  3  
[  6] 477.00-478.00 sec  2.83 KBytes  23.2 Kbits/sec  2  
[  6] 478.00-479.00 sec  4.24 KBytes  34.7 Kbits/sec  3  
[  6] 479.00-480.00 sec  4.24 KBytes  34.8 Kbits/sec  3  
[  6] 480.00-481.00 sec  2.83 KBytes  23.2 Kbits/sec  2  
[  6] 481.00-482.00 sec  4.24 KBytes  34.7 Kbits/sec  3  
[  6] 482.00-483.00 sec  2.83 KBytes  23.2 Kbits/sec  2  
[  6] 483.00-484.00 sec  4.24 KBytes  34.7 Kbits/sec  3  
[  6] 484.00-485.00 sec  4.24 KBytes  34.8 Kbits/sec  3  
[  6] 485.00-486.00 sec  2.83 KBytes  23.2 Kbits/sec  2  
[  6] 486.00-487.00 sec  4.24 KBytes  34.7 Kbits/sec  3  
[  6] 487.00-488.00 sec  2.83 KBytes  23.2 Kbits/sec  2  
[  6] 488.00-489.00 sec  4.24 KBytes  34.8 Kbits/sec  3  
[  6] 489.00-490.00 sec  2.83 KBytes  23.2 Kbits/sec  2  
[  6] 490.00-491.00 sec  4.24 KBytes  34.7 Kbits/sec  3  
[  6] 491.00-492.00 sec  4.24 KBytes  34.8 Kbits/sec  3  
[  6] 492.00-493.00 sec  2.83 KBytes  23.2 Kbits/sec  2  
[  6] 493.00-494.00 sec  4.24 KBytes  34.8 Kbits/sec  3  
[  6] 494.00-495.00 sec  2.83 KBytes  23.2 Kbits/sec  2  
[  6] 495.00-496.00 sec  4.24 KBytes  34.8 Kbits/sec  3  
[  6] 496.00-497.00 sec  4.24 KBytes  34.7 Kbits/sec  3  
[  6] 497.00-498.00 sec  2.83 KBytes  23.2 Kbits/sec  2  
[  6] 498.00-499.00 sec  4.24 KBytes  34.8 Kbits/sec  3  
[  6] 499.00-500.00 sec  2.83 KBytes  23.2 Kbits/sec  2  
[  6] 500.00-501.00 sec  4.24 KBytes  34.7 Kbits/sec  3  
[  6] 501.00-502.00 sec  4.24 KBytes  34.8 Kbits/sec  3  
[  6] 502.00-503.00 sec  2.83 KBytes  23.2 Kbits/sec  2  
[  6] 503.00-504.00 sec  4.24 KBytes  34.7 Kbits/sec  3  
[  6] 504.00-505.00 sec  2.83 KBytes  23.2 Kbits/sec  2  
[  6] 505.00-506.00 sec  4.24 KBytes  34.8 Kbits/sec  3  
[  6] 506.00-507.00 sec  4.24 KBytes  34.7 Kbits/sec  3  
[  6] 507.00-508.00 sec  2.83 KBytes  23.2 Kbits/sec  2  
[  6] 508.00-509.00 sec  4.24 KBytes  34.8 Kbits/sec  3  
[  6] 509.00-510.00 sec  2.83 KBytes  23.2 Kbits/sec  2  
[  6] 510.00-511.00 sec  4.24 KBytes  34.7 Kbits/sec  3  
[  6] 511.00-512.00 sec  2.83 KBytes  23.2 Kbits/sec  2  
[  6] 512.00-513.00 sec  4.24 KBytes  34.7 Kbits/sec  3  
[  6] 513.00-514.00 sec  4.24 KBytes  34.8 Kbits/sec  3  
[  6] 514.00-515.00 sec  2.83 KBytes  23.2 Kbits/sec  2  
[  6] 515.00-516.00 sec  4.24 KBytes  34.7 Kbits/sec  3  
[  6] 516.00-517.00 sec  2.83 KBytes  23.2 Kbits/sec  2  
[  6] 517.00-518.00 sec  4.24 KBytes  34.7 Kbits/sec  3  
[  6] 518.00-519.00 sec  4.24 KBytes  34.7 Kbits/sec  3  
[  6] 519.00-520.00 sec  2.83 KBytes  23.2 Kbits/sec  2  
[  6] 520.00-521.00 sec  4.24 KBytes  34.7 Kbits/sec  3  
[  6] 521.00-522.00 sec  2.83 KBytes  23.2 Kbits/sec  2  
[  6] 522.00-523.00 sec  4.24 KBytes  34.8 Kbits/sec  3  
[  6] 523.00-524.00 sec  4.24 KBytes  34.8 Kbits/sec  3  
[  6] 524.00-525.00 sec  2.83 KBytes  23.2 Kbits/sec  2  
[  6] 525.00-526.00 sec  4.24 KBytes  34.8 Kbits/sec  3  
[  6] 526.00-527.00 sec  2.83 KBytes  23.2 Kbits/sec  2  
[  6] 527.00-528.00 sec  4.24 KBytes  34.7 Kbits/sec  3  
[  6] 528.00-529.00 sec  2.83 KBytes  23.2 Kbits/sec  2  
[  6] 529.00-530.00 sec  4.24 KBytes  34.7 Kbits/sec  3  
[  6] 530.00-531.00 sec  4.24 KBytes  34.8 Kbits/sec  3  
[  6] 531.00-532.00 sec  2.83 KBytes  23.2 Kbits/sec  2  
[  6] 532.00-533.00 sec  4.24 KBytes  34.7 Kbits/sec  3  
[  6] 533.00-534.00 sec  2.83 KBytes  23.2 Kbits/sec  2  
[  6] 534.00-535.00 sec  4.24 KBytes  34.7 Kbits/sec  3  
[  6] 535.00-536.00 sec  4.24 KBytes  34.8 Kbits/sec  3  
[  6] 536.00-537.00 sec  2.83 KBytes  23.2 Kbits/sec  2  
[  6] 537.00-538.00 sec  4.24 KBytes  34.8 Kbits/sec  3  
[  6] 538.00-539.00 sec  2.83 KBytes  23.2 Kbits/sec  2  
[  6] 539.00-540.00 sec  4.24 KBytes  34.7 Kbits/sec  3  
[  6] 540.00-541.00 sec  4.24 KBytes  34.8 Kbits/sec  3  
[  6] 541.00-542.00 sec  2.83 KBytes  23.2 Kbits/sec  2  
[  6] 542.00-543.00 sec  4.24 KBytes  34.8 Kbits/sec  3  
[  6] 543.00-544.00 sec  2.83 KBytes  23.2 Kbits/sec  2  
[  6] 544.00-545.00 sec  4.24 KBytes  34.8 Kbits/sec  3  
[  6] 545.00-546.00 sec  4.24 KBytes  34.7 Kbits/sec  3  
[  6] 546.00-547.00 sec  2.83 KBytes  23.2 Kbits/sec  2  
[  6] 547.00-548.00 sec  4.24 KBytes  34.8 Kbits/sec  3  
[  6] 548.00-549.00 sec  2.83 KBytes  23.2 Kbits/sec  2  
[  6] 549.00-550.00 sec  4.24 KBytes  34.8 Kbits/sec  3  
[  6] 550.00-551.00 sec  2.83 KBytes  23.2 Kbits/sec  2  
[  6] 551.00-552.00 sec  4.24 KBytes  34.8 Kbits/sec  3  
[  6] 552.00-553.00 sec  4.24 KBytes  34.8 Kbits/sec  3  
[  6] 553.00-554.00 sec  2.83 KBytes  23.1 Kbits/sec  2  
[  6] 554.00-555.00 sec  4.24 KBytes  34.8 Kbits/sec  3  
[  6] 555.00-556.00 sec  2.83 KBytes  23.2 Kbits/sec  2  
[  6] 556.00-557.00 sec  4.24 KBytes  34.8 Kbits/sec  3  
[  6] 557.00-558.00 sec  4.24 KBytes  34.7 Kbits/sec  3  
[  6] 558.00-559.00 sec  2.83 KBytes  23.2 Kbits/sec  2  
[  6] 559.00-560.00 sec  4.24 KBytes  34.8 Kbits/sec  3  
[  6] 560.00-561.00 sec  2.83 KBytes  23.2 Kbits/sec  2  
[  6] 561.00-562.00 sec  4.24 KBytes  34.8 Kbits/sec  3  
[  6] 562.00-563.00 sec  4.24 KBytes  34.7 Kbits/sec  3  
[  6] 563.00-564.00 sec  2.83 KBytes  23.2 Kbits/sec  2  
[  6] 564.00-565.00 sec  4.24 KBytes  34.7 Kbits/sec  3  
[  6] 565.00-566.00 sec  2.83 KBytes  23.2 Kbits/sec  2  
[  6] 566.00-567.00 sec  4.24 KBytes  34.7 Kbits/sec  3  
[  6] 567.00-568.00 sec  2.83 KBytes  23.2 Kbits/sec  2  
[  6] 568.00-569.00 sec  4.24 KBytes  34.8 Kbits/sec  3  
[  6] 569.00-570.00 sec  4.24 KBytes  34.7 Kbits/sec  3  
[  6] 570.00-571.00 sec  2.83 KBytes  23.2 Kbits/sec  2  
[  6] 571.00-572.00 sec  4.24 KBytes  34.8 Kbits/sec  3  
[  6] 572.00-573.00 sec  2.83 KBytes  23.2 Kbits/sec  2  
[  6] 573.00-574.00 sec  4.24 KBytes  34.7 Kbits/sec  3  
[  6] 574.00-575.00 sec  4.24 KBytes  34.8 Kbits/sec  3  
[  6] 575.00-576.00 sec  2.83 KBytes  23.2 Kbits/sec  2  
[  6] 576.00-577.00 sec  4.24 KBytes  34.7 Kbits/sec  3  
[  6] 577.00-578.00 sec  2.83 KBytes  23.2 Kbits/sec  2  
[  6] 578.00-579.00 sec  4.24 KBytes  34.8 Kbits/sec  3  
[  6] 579.00-580.00 sec  4.24 KBytes  34.8 Kbits/sec  3  
[  6] 580.00-581.00 sec  2.83 KBytes  23.2 Kbits/sec  2  
[  6] 581.00-582.00 sec  4.24 KBytes  34.8 Kbits/sec  3  
[  6] 582.00-584.04 sec  2.83 KBytes  11.3 Kbits/sec  3  
[  6] 584.04-585.00 sec  8.48 KBytes  72.5 Kbits/sec  5  
[  6] 585.00-586.00 sec  2.83 KBytes  23.2 Kbits/sec  2  
[  6] 586.00-587.00 sec  4.24 KBytes  34.8 Kbits/sec  3  
[  6] 587.00-588.00 sec  2.83 KBytes  23.2 Kbits/sec  2  
[  6] 588.00-589.00 sec  4.24 KBytes  34.7 Kbits/sec  3  
[  6] 589.00-590.00 sec  2.83 KBytes  23.2 Kbits/sec  2  
[  6] 590.00-591.00 sec  4.24 KBytes  34.8 Kbits/sec  3  
[  6] 591.00-592.00 sec  4.24 KBytes  34.7 Kbits/sec  3  
[  6] 592.00-593.00 sec  2.83 KBytes  23.2 Kbits/sec  2  
[  6] 593.00-594.00 sec  4.24 KBytes  34.7 Kbits/sec  3  
[  6] 594.00-595.00 sec  2.83 KBytes  23.2 Kbits/sec  2  
[  6] 595.00-596.00 sec  4.24 KBytes  34.7 Kbits/sec  3  
[  6] 596.00-597.00 sec  4.24 KBytes  34.8 Kbits/sec  3  
[  6] 597.00-598.00 sec  2.83 KBytes  23.2 Kbits/sec  2  
[  6] 598.00-599.00 sec  4.24 KBytes  34.8 Kbits/sec  3  
[  6] 599.00-600.00 sec  2.83 KBytes  23.1 Kbits/sec  2  
- - - - - - - - - - - - - - - - - - - - - - - - -
[ ID] Interval           Transfer     Bitrate         Jitter    Lost/Total Datagrams
[  6]   0.00-600.00 sec  2.15 MBytes  30.0 Kbits/sec  0.000 ms  0/1554 (0%)  sender
[  6]   0.00-600.00 sec  2.13 MBytes  29.8 Kbits/sec  0.164 ms  9/1554 (0.58%)  receiver

iperf Done.
Connecting to host 10.110.0.1, port 9000
[  6] local 10.110.0.2 port 49173 connected to 10.110.0.1 port 9000
iperf3: error - control socket has closed unexpectedly
Connecting to host 10.110.0.1, port 9000
[  6] local 10.110.0.2 port 58508 connected to 10.110.0.1 port 9000
[ ID] Interval           Transfer     Bitrate         Total Datagrams
[  6]   0.00-1.61   sec  2.83 KBytes  14.4 Kbits/sec  2  
[  6]   1.61-7.42   sec  2.83 KBytes  3.98 Kbits/sec  2  
iperf3: error - control socket has closed unexpectedly
iperf3: error - unable to connect to server - server may have stopped running or use a different port, firewall issue, etc.: Connection refused
iperf3: error - unable to connect to server - server may have stopped running or use a different port, firewall issue, etc.: Connection refused
